  [1m[35m (236.8ms)[0m  [1m[35mCREATE DATABASE "pokeMTA_development" ENCODING = 'unicode'[0m
  ↳ bin/rails:9
  [1m[35m (168.3ms)[0m  [1m[35mCREATE DATABASE "pokeMTA_test" ENCODING = 'unicode'[0m
  ↳ bin/rails:9
  [1m[35m (23.8ms)[0m  [1m[35mCREATE TABLE "schema_migrations" ("version" character varying NOT NULL PRIMARY KEY)[0m
  ↳ bin/rails:9
  [1m[35m (9.6ms)[0m  [1m[35mCREATE TABLE "ar_internal_metadata" ("key" character varying NOT NULL PRIMARY KEY, "value" character varying, "created_at" timestamp NOT NULL, "updated_at" timestamp NOT NULL)[0m
  ↳ bin/rails:9
  [1m[35m (0.4ms)[0m  [1m[34mSELECT pg_try_advisory_lock(6475014801855982830)[0m
  ↳ bin/rails:9
  [1m[35m (0.4ms)[0m  [1m[34mSELECT "schema_migrations"."version" FROM "schema_migrations" ORDER BY "schema_migrations"."version" ASC[0m
  ↳ bin/rails:9
Migrating to CreateTrainers (20211115024737)
  [1m[35m (0.2ms)[0m  [1m[35mBEGIN[0m
  ↳ bin/rails:9
  [1m[35m (11.0ms)[0m  [1m[35mCREATE TABLE "trainers" ("id" bigserial primary key, "name" character varying NOT NULL, "created_at" timestamp NOT NULL, "updated_at" timestamp NOT NULL)[0m
  ↳ db/migrate/20211115024737_create_trainers.rb:3
  [1m[35m (5.8ms)[0m  [1m[35mCREATE  INDEX  "index_trainers_on_name" ON "trainers"  ("name")[0m
  ↳ db/migrate/20211115024737_create_trainers.rb:8
  [1m[35m (10.9ms)[0m  [1m[35mCREATE TABLE "pokemons" ("id" bigserial primary key, "name" character varying NOT NULL, "pokedex_number" integer NOT NULL, "trainer_id" integer NOT NULL, "nature" character varying NOT NULL, "shiny" character varying, "gender" character varying, "created_at" timestamp NOT NULL, "updated_at" timestamp NOT NULL)[0m
  ↳ db/migrate/20211115024737_create_trainers.rb:10
  [1m[35m (10.5ms)[0m  [1m[35mCREATE TABLE "pokedex" ("id" bigserial primary key, "species" character varying NOT NULL, "type" character varying NOT NULL, "created_at" timestamp NOT NULL, "updated_at" timestamp NOT NULL)[0m
  ↳ db/migrate/20211115024737_create_trainers.rb:21
  [1m[35m (5.7ms)[0m  [1m[35mCREATE  INDEX  "index_pokedex_on_species" ON "pokedex"  ("species")[0m
  ↳ db/migrate/20211115024737_create_trainers.rb:28
  [1m[36mActiveRecord::SchemaMigration Create (1.2ms)[0m  [1m[32mINSERT INTO "schema_migrations" ("version") VALUES ($1) RETURNING "version"[0m  [["version", "20211115024737"]]
  ↳ bin/rails:9
  [1m[35m (3.0ms)[0m  [1m[35mCOMMIT[0m
  ↳ bin/rails:9
  [1m[36mActiveRecord::InternalMetadata Load (0.6ms)[0m  [1m[34mSELECT  "ar_internal_metadata".* FROM "ar_internal_metadata" WHERE "ar_internal_metadata"."key" = $1 LIMIT $2[0m  [["key", "environment"], ["LIMIT", 1]]
  ↳ bin/rails:9
  [1m[35m (0.4ms)[0m  [1m[35mBEGIN[0m
  ↳ bin/rails:9
  [1m[36mActiveRecord::InternalMetadata Create (1.4ms)[0m  [1m[32mINSERT INTO "ar_internal_metadata" ("key", "value", "created_at", "updated_at") VALUES ($1, $2, $3, $4) RETURNING "key"[0m  [["key", "environment"], ["value", "development"], ["created_at", "2021-11-15 02:55:04.150319"], ["updated_at", "2021-11-15 02:55:04.150319"]]
  ↳ bin/rails:9
  [1m[35m (2.5ms)[0m  [1m[35mCOMMIT[0m
  ↳ bin/rails:9
  [1m[35m (0.6ms)[0m  [1m[34mSELECT pg_advisory_unlock(6475014801855982830)[0m
  ↳ bin/rails:9
  [1m[35m (0.4ms)[0m  [1m[34mSELECT "schema_migrations"."version" FROM "schema_migrations" ORDER BY "schema_migrations"."version" ASC[0m
  ↳ bin/rails:9
  [1m[35m (0.5ms)[0m  [1m[34mSELECT "schema_migrations"."version" FROM "schema_migrations" ORDER BY "schema_migrations"."version" ASC[0m
  ↳ bin/rails:9
  [1m[35m (0.2ms)[0m  [1m[34mSELECT "schema_migrations"."version" FROM "schema_migrations" ORDER BY "schema_migrations"."version" ASC[0m
  ↳ bin/rails:9
  [1m[35m (0.2ms)[0m  [1m[34mSELECT "schema_migrations"."version" FROM "schema_migrations" ORDER BY "schema_migrations"."version" ASC[0m
  ↳ bin/rails:9
  [1m[35m (0.2ms)[0m  [1m[34mSELECT pg_try_advisory_lock(6475014801855982830)[0m
  ↳ bin/rails:9
  [1m[35m (0.2ms)[0m  [1m[34mSELECT "schema_migrations"."version" FROM "schema_migrations" ORDER BY "schema_migrations"."version" ASC[0m
  ↳ bin/rails:9
Migrating to CreateTrainers (20211115024737)
  [1m[35m (0.2ms)[0m  [1m[35mBEGIN[0m
  ↳ bin/rails:9
  [1m[35m (1.6ms)[0m  [1m[35mDROP INDEX  "index_pokedex_on_species"[0m
  ↳ bin/rails:9
  [1m[35m (2.0ms)[0m  [1m[35mDROP TABLE "pokedex"[0m
  ↳ bin/rails:9
  [1m[35m (1.9ms)[0m  [1m[35mDROP TABLE "pokemons"[0m
  ↳ bin/rails:9
  [1m[35m (0.6ms)[0m  [1m[35mDROP INDEX  "index_trainers_on_name"[0m
  ↳ bin/rails:9
  [1m[35m (1.9ms)[0m  [1m[35mDROP TABLE "trainers"[0m
  ↳ bin/rails:9
  [1m[36mActiveRecord::SchemaMigration Destroy (1.2ms)[0m  [1m[31mDELETE FROM "schema_migrations" WHERE "schema_migrations"."version" = $1[0m  [["version", "20211115024737"]]
  ↳ bin/rails:9
  [1m[35m (10.1ms)[0m  [1m[35mCOMMIT[0m
  ↳ bin/rails:9
  [1m[35m (0.4ms)[0m  [1m[34mSELECT pg_advisory_unlock(6475014801855982830)[0m
  ↳ bin/rails:9
  [1m[35m (0.3ms)[0m  [1m[34mSELECT "schema_migrations"."version" FROM "schema_migrations" ORDER BY "schema_migrations"."version" ASC[0m
  ↳ bin/rails:9
  [1m[35m (0.3ms)[0m  [1m[34mSELECT pg_try_advisory_lock(6475014801855982830)[0m
  ↳ bin/rails:9
  [1m[35m (0.5ms)[0m  [1m[34mSELECT "schema_migrations"."version" FROM "schema_migrations" ORDER BY "schema_migrations"."version" ASC[0m
  ↳ bin/rails:9
Migrating to CreateTrainers (20211115024737)
  [1m[35m (0.2ms)[0m  [1m[35mBEGIN[0m
  ↳ bin/rails:9
  [1m[35m (11.4ms)[0m  [1m[35mCREATE TABLE "trainers" ("id" bigserial primary key, "name" character varying NOT NULL, "created_at" timestamp NOT NULL, "updated_at" timestamp NOT NULL)[0m
  ↳ db/migrate/20211115024737_create_trainers.rb:3
  [1m[35m (3.3ms)[0m  [1m[35mCREATE  INDEX  "index_trainers_on_name" ON "trainers"  ("name")[0m
  ↳ db/migrate/20211115024737_create_trainers.rb:8
  [1m[35m (8.2ms)[0m  [1m[35mCREATE TABLE "pokemons" ("id" bigserial primary key, "name" character varying NOT NULL, "pokedex_number" integer NOT NULL, "trainer_id" integer NOT NULL, "nature" character varying NOT NULL, "shiny" character varying, "gender" character varying, "created_at" timestamp NOT NULL, "updated_at" timestamp NOT NULL)[0m
  ↳ db/migrate/20211115024737_create_trainers.rb:10
  [1m[35m (11.0ms)[0m  [1m[35mCREATE TABLE "pokedex" ("id" bigserial primary key, "species" character varying NOT NULL, "type" character varying, "created_at" timestamp NOT NULL, "updated_at" timestamp NOT NULL)[0m
  ↳ db/migrate/20211115024737_create_trainers.rb:21
  [1m[35m (4.7ms)[0m  [1m[35mCREATE  INDEX  "index_pokedex_on_species" ON "pokedex"  ("species")[0m
  ↳ db/migrate/20211115024737_create_trainers.rb:28
  [1m[36mActiveRecord::SchemaMigration Create (2.3ms)[0m  [1m[32mINSERT INTO "schema_migrations" ("version") VALUES ($1) RETURNING "version"[0m  [["version", "20211115024737"]]
  ↳ bin/rails:9
  [1m[35m (3.1ms)[0m  [1m[35mCOMMIT[0m
  ↳ bin/rails:9
  [1m[36mActiveRecord::InternalMetadata Load (0.6ms)[0m  [1m[34mSELECT  "ar_internal_metadata".* FROM "ar_internal_metadata" WHERE "ar_internal_metadata"."key" = $1 LIMIT $2[0m  [["key", "environment"], ["LIMIT", 1]]
  ↳ bin/rails:9
  [1m[35m (0.3ms)[0m  [1m[35mBEGIN[0m
  ↳ bin/rails:9
  [1m[35m (0.2ms)[0m  [1m[35mCOMMIT[0m
  ↳ bin/rails:9
  [1m[35m (0.6ms)[0m  [1m[34mSELECT pg_advisory_unlock(6475014801855982830)[0m
  ↳ bin/rails:9
  [1m[35m (0.4ms)[0m  [1m[34mSELECT "schema_migrations"."version" FROM "schema_migrations" ORDER BY "schema_migrations"."version" ASC[0m
  ↳ bin/rails:9
  [1m[35m (1.1ms)[0m  [1m[34mSELECT "schema_migrations"."version" FROM "schema_migrations" ORDER BY "schema_migrations"."version" ASC[0m
  ↳ bin/rails:9
  [1m[35m (4.5ms)[0m  [1m[35mCREATE DATABASE "pokeMTA_development" ENCODING = 'unicode'[0m
  ↳ bin/rails:9
  [1m[35m (0.8ms)[0m  [1m[35mCREATE DATABASE "pokeMTA_test" ENCODING = 'unicode'[0m
  ↳ bin/rails:9
  [1m[35m (0.7ms)[0m  [1m[34mSELECT "schema_migrations"."version" FROM "schema_migrations" ORDER BY "schema_migrations"."version" ASC[0m
  ↳ bin/rails:9
  [1m[35m (0.3ms)[0m  [1m[34mSELECT "ar_internal_metadata"."value" FROM "ar_internal_metadata" WHERE "ar_internal_metadata"."key" = $1[0m  [["key", "environment"]]
  ↳ bin/rails:9
  [1m[35m (0.6ms)[0m  [1m[34mSELECT "schema_migrations"."version" FROM "schema_migrations" ORDER BY "schema_migrations"."version" ASC[0m
  ↳ bin/rails:9
  [1m[35m (0.3ms)[0m  [1m[34mSELECT "ar_internal_metadata"."value" FROM "ar_internal_metadata" WHERE "ar_internal_metadata"."key" = $1[0m  [["key", "environment"]]
  ↳ bin/rails:9
  [1m[35m (0.3ms)[0m  [1m[34mSELECT "schema_migrations"."version" FROM "schema_migrations" ORDER BY "schema_migrations"."version" ASC[0m
  ↳ bin/rails:9
  [1m[35m (0.3ms)[0m  [1m[34mSELECT "ar_internal_metadata"."value" FROM "ar_internal_metadata" WHERE "ar_internal_metadata"."key" = $1[0m  [["key", "environment"]]
  ↳ bin/rails:9
  [1m[35mSQL (0.7ms)[0m  [1m[35mCREATE EXTENSION IF NOT EXISTS "plpgsql"[0m
  ↳ db/schema.rb:16
  [1m[35m (4.6ms)[0m  [1m[35mDROP TABLE IF EXISTS "pokedex" CASCADE[0m
  ↳ db/schema.rb:18
  [1m[35m (14.6ms)[0m  [1m[35mCREATE TABLE "pokedex" ("id" bigserial primary key, "species" character varying NOT NULL, "type" character varying, "created_at" timestamp NOT NULL, "updated_at" timestamp NOT NULL)[0m
  ↳ db/schema.rb:18
  [1m[35m (5.8ms)[0m  [1m[35mCREATE  INDEX  "index_pokedex_on_species" ON "pokedex"  ("species")[0m
  ↳ db/schema.rb:18
  [1m[35m (4.8ms)[0m  [1m[35mDROP TABLE IF EXISTS "pokemons" CASCADE[0m
  ↳ db/schema.rb:26
  [1m[35m (12.3ms)[0m  [1m[35mCREATE TABLE "pokemons" ("id" bigserial primary key, "name" character varying NOT NULL, "pokedex_number" integer NOT NULL, "trainer_id" integer NOT NULL, "nature" character varying NOT NULL, "shiny" character varying, "gender" character varying, "created_at" timestamp NOT NULL, "updated_at" timestamp NOT NULL)[0m
  ↳ db/schema.rb:26
  [1m[35m (3.7ms)[0m  [1m[35mDROP TABLE IF EXISTS "trainers" CASCADE[0m
  ↳ db/schema.rb:37
  [1m[35m (12.7ms)[0m  [1m[35mCREATE TABLE "trainers" ("id" bigserial primary key, "name" character varying NOT NULL, "created_at" timestamp NOT NULL, "updated_at" timestamp NOT NULL)[0m
  ↳ db/schema.rb:37
  [1m[35m (6.0ms)[0m  [1m[35mCREATE  INDEX  "index_trainers_on_name" ON "trainers"  ("name")[0m
  ↳ db/schema.rb:37
  [1m[35m (0.6ms)[0m  [1m[34mSELECT "schema_migrations"."version" FROM "schema_migrations" ORDER BY "schema_migrations"."version" ASC[0m
  ↳ db/schema.rb:13
  [1m[36mActiveRecord::InternalMetadata Load (0.6ms)[0m  [1m[34mSELECT  "ar_internal_metadata".* FROM "ar_internal_metadata" WHERE "ar_internal_metadata"."key" = $1 LIMIT $2[0m  [["key", "environment"], ["LIMIT", 1]]
  ↳ db/schema.rb:13
  [1m[35m (0.3ms)[0m  [1m[35mBEGIN[0m
  ↳ db/schema.rb:13
  [1m[35m (0.2ms)[0m  [1m[35mCOMMIT[0m
  ↳ db/schema.rb:13
  [1m[36mActiveRecord::InternalMetadata Load (0.7ms)[0m  [1m[34mSELECT  "ar_internal_metadata".* FROM "ar_internal_metadata" WHERE "ar_internal_metadata"."key" = $1 LIMIT $2[0m  [["key", "environment"], ["LIMIT", 1]]
  ↳ bin/rails:9
  [1m[35m (0.3ms)[0m  [1m[35mBEGIN[0m
  ↳ bin/rails:9
  [1m[35m (0.3ms)[0m  [1m[35mCOMMIT[0m
  ↳ bin/rails:9
  [1m[35mSQL (1.1ms)[0m  [1m[35mCREATE EXTENSION IF NOT EXISTS "plpgsql"[0m
  ↳ db/schema.rb:16
  [1m[35m (0.4ms)[0m  [1m[35mDROP TABLE IF EXISTS "pokedex" CASCADE[0m
  ↳ db/schema.rb:18
  [1m[35m (24.9ms)[0m  [1m[35mCREATE TABLE "pokedex" ("id" bigserial primary key, "species" character varying NOT NULL, "type" character varying, "created_at" timestamp NOT NULL, "updated_at" timestamp NOT NULL)[0m
  ↳ db/schema.rb:18
  [1m[35m (9.8ms)[0m  [1m[35mCREATE  INDEX  "index_pokedex_on_species" ON "pokedex"  ("species")[0m
  ↳ db/schema.rb:18
  [1m[35m (0.3ms)[0m  [1m[35mDROP TABLE IF EXISTS "pokemons" CASCADE[0m
  ↳ db/schema.rb:26
  [1m[35m (12.6ms)[0m  [1m[35mCREATE TABLE "pokemons" ("id" bigserial primary key, "name" character varying NOT NULL, "pokedex_number" integer NOT NULL, "trainer_id" integer NOT NULL, "nature" character varying NOT NULL, "shiny" character varying, "gender" character varying, "created_at" timestamp NOT NULL, "updated_at" timestamp NOT NULL)[0m
  ↳ db/schema.rb:26
  [1m[35m (0.4ms)[0m  [1m[35mDROP TABLE IF EXISTS "trainers" CASCADE[0m
  ↳ db/schema.rb:37
  [1m[35m (14.4ms)[0m  [1m[35mCREATE TABLE "trainers" ("id" bigserial primary key, "name" character varying NOT NULL, "created_at" timestamp NOT NULL, "updated_at" timestamp NOT NULL)[0m
  ↳ db/schema.rb:37
  [1m[35m (7.1ms)[0m  [1m[35mCREATE  INDEX  "index_trainers_on_name" ON "trainers"  ("name")[0m
  ↳ db/schema.rb:37
  [1m[35m (12.5ms)[0m  [1m[35mCREATE TABLE "schema_migrations" ("version" character varying NOT NULL PRIMARY KEY)[0m
  ↳ db/schema.rb:13
  [1m[35m (0.8ms)[0m  [1m[34mSELECT "schema_migrations"."version" FROM "schema_migrations" ORDER BY "schema_migrations"."version" ASC[0m
  ↳ db/schema.rb:13
  [1m[35m (2.2ms)[0m  [1m[32mINSERT INTO "schema_migrations" (version) VALUES (20211115024737)[0m
  ↳ db/schema.rb:13
  [1m[35m (10.2ms)[0m  [1m[35mCREATE TABLE "ar_internal_metadata" ("key" character varying NOT NULL PRIMARY KEY, "value" character varying, "created_at" timestamp NOT NULL, "updated_at" timestamp NOT NULL)[0m
  ↳ db/schema.rb:13
  [1m[36mActiveRecord::InternalMetadata Load (0.4ms)[0m  [1m[34mSELECT  "ar_internal_metadata".* FROM "ar_internal_metadata" WHERE "ar_internal_metadata"."key" = $1 LIMIT $2[0m  [["key", "environment"], ["LIMIT", 1]]
  ↳ db/schema.rb:13
  [1m[35m (0.4ms)[0m  [1m[35mBEGIN[0m
  ↳ db/schema.rb:13
  [1m[36mActiveRecord::InternalMetadata Create (0.6ms)[0m  [1m[32mINSERT INTO "ar_internal_metadata" ("key", "value", "created_at", "updated_at") VALUES ($1, $2, $3, $4) RETURNING "key"[0m  [["key", "environment"], ["value", "development"], ["created_at", "2021-11-15 03:09:53.618560"], ["updated_at", "2021-11-15 03:09:53.618560"]]
  ↳ db/schema.rb:13
  [1m[35m (1.7ms)[0m  [1m[35mCOMMIT[0m
  ↳ db/schema.rb:13
  [1m[36mActiveRecord::InternalMetadata Load (0.3ms)[0m  [1m[34mSELECT  "ar_internal_metadata".* FROM "ar_internal_metadata" WHERE "ar_internal_metadata"."key" = $1 LIMIT $2[0m  [["key", "environment"], ["LIMIT", 1]]
  ↳ bin/rails:9
  [1m[35m (0.2ms)[0m  [1m[35mBEGIN[0m
  ↳ bin/rails:9
  [1m[36mActiveRecord::InternalMetadata Update (0.8ms)[0m  [1m[33mUPDATE "ar_internal_metadata" SET "value" = $1, "updated_at" = $2 WHERE "ar_internal_metadata"."key" = $3[0m  [["value", "test"], ["updated_at", "2021-11-15 03:09:53.627543"], ["key", "environment"]]
  ↳ bin/rails:9
  [1m[35m (1.8ms)[0m  [1m[35mCOMMIT[0m
  ↳ bin/rails:9
  [1m[35m (0.6ms)[0m  [1m[34mSELECT "schema_migrations"."version" FROM "schema_migrations" ORDER BY "schema_migrations"."version" ASC[0m
  ↳ bin/rails:9
  [1m[35m (1.0ms)[0m  [1m[34mSELECT "schema_migrations"."version" FROM "schema_migrations" ORDER BY "schema_migrations"."version" ASC[0m
  ↳ /home/anna/.rbenv/versions/2.5.1/bin/annotate:23
  [1m[35m (0.7ms)[0m  [1m[34mSELECT pg_try_advisory_lock(6475014801855982830)[0m
  ↳ bin/rails:9
  [1m[35m (1.8ms)[0m  [1m[34mSELECT "schema_migrations"."version" FROM "schema_migrations" ORDER BY "schema_migrations"."version" ASC[0m
  ↳ bin/rails:9
Migrating to AddColumnstoTrainers (20211120094236)
  [1m[35m (0.3ms)[0m  [1m[35mBEGIN[0m
  ↳ bin/rails:9
  [1m[35m (0.5ms)[0m  [1m[31mROLLBACK[0m
  ↳ bin/rails:9
  [1m[35m (0.5ms)[0m  [1m[34mSELECT pg_advisory_unlock(6475014801855982830)[0m
  ↳ bin/rails:9
  [1m[35m (0.2ms)[0m  [1m[34mSELECT pg_try_advisory_lock(6475014801855982830)[0m
  ↳ bin/rails:9
  [1m[35m (0.5ms)[0m  [1m[34mSELECT "schema_migrations"."version" FROM "schema_migrations" ORDER BY "schema_migrations"."version" ASC[0m
  ↳ bin/rails:9
Migrating to AddColumnstoTrainers (20211120094236)
  [1m[35m (0.3ms)[0m  [1m[34mSELECT pg_advisory_unlock(6475014801855982830)[0m
  ↳ bin/rails:9
  [1m[35m (0.3ms)[0m  [1m[34mSELECT pg_try_advisory_lock(6475014801855982830)[0m
  ↳ bin/rails:9
  [1m[35m (0.5ms)[0m  [1m[34mSELECT "schema_migrations"."version" FROM "schema_migrations" ORDER BY "schema_migrations"."version" ASC[0m
  ↳ bin/rails:9
Migrating to AddColumnstoTrainers (20211120094236)
  [1m[35m (0.2ms)[0m  [1m[35mBEGIN[0m
  ↳ bin/rails:9
  [1m[35m (7.7ms)[0m  [1m[35mALTER TABLE "trainers" ADD "session_token" character varying NOT NULL[0m
  ↳ db/migrate/20211120094236_add_columnsto_trainers.rb:3
  [1m[35m (0.7ms)[0m  [1m[35mALTER TABLE "trainers" ADD "password_digest" character varying NOT NULL[0m
  ↳ db/migrate/20211120094236_add_columnsto_trainers.rb:4
  [1m[36mActiveRecord::SchemaMigration Create (1.9ms)[0m  [1m[32mINSERT INTO "schema_migrations" ("version") VALUES ($1) RETURNING "version"[0m  [["version", "20211120094236"]]
  ↳ bin/rails:9
  [1m[35m (2.9ms)[0m  [1m[35mCOMMIT[0m
  ↳ bin/rails:9
  [1m[36mActiveRecord::InternalMetadata Load (2.4ms)[0m  [1m[34mSELECT  "ar_internal_metadata".* FROM "ar_internal_metadata" WHERE "ar_internal_metadata"."key" = $1 LIMIT $2[0m  [["key", "environment"], ["LIMIT", 1]]
  ↳ bin/rails:9
  [1m[35m (0.3ms)[0m  [1m[35mBEGIN[0m
  ↳ bin/rails:9
  [1m[35m (1.0ms)[0m  [1m[35mCOMMIT[0m
  ↳ bin/rails:9
  [1m[35m (0.5ms)[0m  [1m[34mSELECT pg_advisory_unlock(6475014801855982830)[0m
  ↳ bin/rails:9
  [1m[35m (2.2ms)[0m  [1m[34mSELECT "schema_migrations"."version" FROM "schema_migrations" ORDER BY "schema_migrations"."version" ASC[0m
  ↳ bin/rails:9
Started GET "/" for ::1 at 2021-11-24 14:02:57 -0500
  [1m[35m (2.7ms)[0m  [1m[34mSELECT "schema_migrations"."version" FROM "schema_migrations" ORDER BY "schema_migrations"."version" ASC[0m
  ↳ /home/anna/.rbenv/versions/2.5.1/lib/ruby/gems/2.5.0/gems/activerecord-5.2.6/lib/active_record/log_subscriber.rb:98
Processing by Rails::WelcomeController#index as HTML
  Rendering /home/anna/.rbenv/versions/2.5.1/lib/ruby/gems/2.5.0/gems/railties-5.2.6/lib/rails/templates/rails/welcome/index.html.erb
  Rendered /home/anna/.rbenv/versions/2.5.1/lib/ruby/gems/2.5.0/gems/railties-5.2.6/lib/rails/templates/rails/welcome/index.html.erb (7.2ms)
Completed 200 OK in 41ms (Views: 14.1ms | ActiveRecord: 0.0ms)


Started GET "/pokemons" for ::1 at 2021-11-24 14:03:06 -0500
Processing by PokemonsController#index as HTML
Completed 500 Internal Server Error in 190ms (ActiveRecord: 0.0ms)



NoMethodError - undefined method `helper_method' for ApplicationRecord(abstract):Class:
  app/models/application_record.rb:4:in `<class:ApplicationRecord>'
  app/models/application_record.rb:1:in `<top (required)>'
  app/models/pokemon.rb:17:in `<top (required)>'
  app/controllers/pokemons_controller.rb:4:in `index'

Started POST "/__better_errors/8f0c08d55d62458f/variables" for ::1 at 2021-11-24 14:03:07 -0500
Started GET "/pokemons" for ::1 at 2021-11-24 14:04:17 -0500
  [1m[35m (3.2ms)[0m  [1m[34mSELECT "schema_migrations"."version" FROM "schema_migrations" ORDER BY "schema_migrations"."version" ASC[0m
  ↳ /home/anna/.rbenv/versions/2.5.1/lib/ruby/gems/2.5.0/gems/activerecord-5.2.6/lib/active_record/log_subscriber.rb:98
Processing by PokemonsController#index as HTML
Completed 500 Internal Server Error in 236ms (ActiveRecord: 0.0ms)



NoMethodError - undefined method `helper_method' for ApplicationRecord(abstract):Class:
  app/models/application_record.rb:4:in `<class:ApplicationRecord>'
  app/models/application_record.rb:1:in `<top (required)>'
  app/models/pokemon.rb:17:in `<top (required)>'
  app/controllers/pokemons_controller.rb:4:in `index'

Started POST "/__better_errors/43432ec48bd34b81/variables" for ::1 at 2021-11-24 14:04:18 -0500
Started GET "/pokemons" for ::1 at 2021-11-24 14:04:46 -0500
  [1m[35m (1.3ms)[0m  [1m[34mSELECT "schema_migrations"."version" FROM "schema_migrations" ORDER BY "schema_migrations"."version" ASC[0m
  ↳ /home/anna/.rbenv/versions/2.5.1/lib/ruby/gems/2.5.0/gems/activerecord-5.2.6/lib/active_record/log_subscriber.rb:98
Processing by PokemonsController#index as HTML
Completed 500 Internal Server Error in 322ms (ActiveRecord: 0.0ms)



NoMethodError - undefined method `helper_method' for ApplicationRecord(abstract):Class:
  app/models/application_record.rb:4:in `<class:ApplicationRecord>'
  app/models/application_record.rb:1:in `<top (required)>'
  app/models/pokemon.rb:17:in `<top (required)>'
  app/controllers/pokemons_controller.rb:4:in `index'

Started POST "/__better_errors/e98505065b828571/variables" for ::1 at 2021-11-24 14:04:47 -0500
  [1m[35m (0.6ms)[0m  [1m[34mSELECT "schema_migrations"."version" FROM "schema_migrations" ORDER BY "schema_migrations"."version" ASC[0m
  ↳ bin/rails:9
  [1m[35m (1.0ms)[0m  [1m[34mSELECT "schema_migrations"."version" FROM "schema_migrations" ORDER BY "schema_migrations"."version" ASC[0m
  ↳ bin/rails:9
  [1m[35m (2.0ms)[0m  [1m[35mCREATE DATABASE "pokeMTA_development" ENCODING = 'unicode'[0m
  ↳ bin/rails:9
  [1m[35m (0.9ms)[0m  [1m[35mCREATE DATABASE "pokeMTA_test" ENCODING = 'unicode'[0m
  ↳ bin/rails:9
  [1m[35m (0.9ms)[0m  [1m[34mSELECT "schema_migrations"."version" FROM "schema_migrations" ORDER BY "schema_migrations"."version" ASC[0m
  ↳ bin/rails:9
  [1m[35m (2.2ms)[0m  [1m[34mSELECT "ar_internal_metadata"."value" FROM "ar_internal_metadata" WHERE "ar_internal_metadata"."key" = $1[0m  [["key", "environment"]]
  ↳ bin/rails:9
  [1m[35m (0.9ms)[0m  [1m[34mSELECT "schema_migrations"."version" FROM "schema_migrations" ORDER BY "schema_migrations"."version" ASC[0m
  ↳ bin/rails:9
  [1m[35m (0.7ms)[0m  [1m[34mSELECT "ar_internal_metadata"."value" FROM "ar_internal_metadata" WHERE "ar_internal_metadata"."key" = $1[0m  [["key", "environment"]]
  ↳ bin/rails:9
  [1m[35m (1.1ms)[0m  [1m[34mSELECT "schema_migrations"."version" FROM "schema_migrations" ORDER BY "schema_migrations"."version" ASC[0m
  ↳ bin/rails:9
  [1m[35m (0.6ms)[0m  [1m[34mSELECT "ar_internal_metadata"."value" FROM "ar_internal_metadata" WHERE "ar_internal_metadata"."key" = $1[0m  [["key", "environment"]]
  ↳ bin/rails:9
  [1m[35mSQL (5.1ms)[0m  [1m[35mCREATE EXTENSION IF NOT EXISTS "plpgsql"[0m
  ↳ db/schema.rb:16
  [1m[35m (56.6ms)[0m  [1m[35mDROP TABLE IF EXISTS "pokedex" CASCADE[0m
  ↳ db/schema.rb:18
  [1m[35m (41.6ms)[0m  [1m[35mCREATE TABLE "pokedex" ("id" bigserial primary key, "species" character varying NOT NULL, "type" character varying, "created_at" timestamp NOT NULL, "updated_at" timestamp NOT NULL)[0m
  ↳ db/schema.rb:18
  [1m[35m (6.0ms)[0m  [1m[35mCREATE  INDEX  "index_pokedex_on_species" ON "pokedex"  ("species")[0m
  ↳ db/schema.rb:18
  [1m[35m (4.7ms)[0m  [1m[35mDROP TABLE IF EXISTS "pokemons" CASCADE[0m
  ↳ db/schema.rb:26
  [1m[35m (39.8ms)[0m  [1m[35mCREATE TABLE "pokemons" ("id" bigserial primary key, "name" character varying NOT NULL, "pokedex_number" integer NOT NULL, "trainer_id" integer NOT NULL, "nature" character varying NOT NULL, "shiny" character varying, "gender" character varying, "created_at" timestamp NOT NULL, "updated_at" timestamp NOT NULL)[0m
  ↳ db/schema.rb:26
  [1m[35m (7.7ms)[0m  [1m[35mDROP TABLE IF EXISTS "trainers" CASCADE[0m
  ↳ db/schema.rb:37
  [1m[35m (28.1ms)[0m  [1m[35mCREATE TABLE "trainers" ("id" bigserial primary key, "name" character varying NOT NULL, "created_at" timestamp NOT NULL, "updated_at" timestamp NOT NULL, "session_token" character varying NOT NULL, "password_digest" character varying NOT NULL)[0m
  ↳ db/schema.rb:37
  [1m[35m (13.6ms)[0m  [1m[35mCREATE  INDEX  "index_trainers_on_name" ON "trainers"  ("name")[0m
  ↳ db/schema.rb:37
  [1m[35m (1.0ms)[0m  [1m[34mSELECT "schema_migrations"."version" FROM "schema_migrations" ORDER BY "schema_migrations"."version" ASC[0m
  ↳ db/schema.rb:13
  [1m[36mActiveRecord::InternalMetadata Load (3.7ms)[0m  [1m[34mSELECT  "ar_internal_metadata".* FROM "ar_internal_metadata" WHERE "ar_internal_metadata"."key" = $1 LIMIT $2[0m  [["key", "environment"], ["LIMIT", 1]]
  ↳ db/schema.rb:13
  [1m[35m (0.4ms)[0m  [1m[35mBEGIN[0m
  ↳ db/schema.rb:13
  [1m[35m (0.6ms)[0m  [1m[35mCOMMIT[0m
  ↳ db/schema.rb:13
  [1m[36mActiveRecord::InternalMetadata Load (0.6ms)[0m  [1m[34mSELECT  "ar_internal_metadata".* FROM "ar_internal_metadata" WHERE "ar_internal_metadata"."key" = $1 LIMIT $2[0m  [["key", "environment"], ["LIMIT", 1]]
  ↳ bin/rails:9
  [1m[35m (0.2ms)[0m  [1m[35mBEGIN[0m
  ↳ bin/rails:9
  [1m[35m (0.4ms)[0m  [1m[35mCOMMIT[0m
  ↳ bin/rails:9
  [1m[35mSQL (0.9ms)[0m  [1m[35mCREATE EXTENSION IF NOT EXISTS "plpgsql"[0m
  ↳ db/schema.rb:16
  [1m[35m (21.1ms)[0m  [1m[35mDROP TABLE IF EXISTS "pokedex" CASCADE[0m
  ↳ db/schema.rb:18
  [1m[35m (32.2ms)[0m  [1m[35mCREATE TABLE "pokedex" ("id" bigserial primary key, "species" character varying NOT NULL, "type" character varying, "created_at" timestamp NOT NULL, "updated_at" timestamp NOT NULL)[0m
  ↳ db/schema.rb:18
  [1m[35m (7.4ms)[0m  [1m[35mCREATE  INDEX  "index_pokedex_on_species" ON "pokedex"  ("species")[0m
  ↳ db/schema.rb:18
  [1m[35m (5.4ms)[0m  [1m[35mDROP TABLE IF EXISTS "pokemons" CASCADE[0m
  ↳ db/schema.rb:26
  [1m[35m (18.3ms)[0m  [1m[35mCREATE TABLE "pokemons" ("id" bigserial primary key, "name" character varying NOT NULL, "pokedex_number" integer NOT NULL, "trainer_id" integer NOT NULL, "nature" character varying NOT NULL, "shiny" character varying, "gender" character varying, "created_at" timestamp NOT NULL, "updated_at" timestamp NOT NULL)[0m
  ↳ db/schema.rb:26
  [1m[35m (10.3ms)[0m  [1m[35mDROP TABLE IF EXISTS "trainers" CASCADE[0m
  ↳ db/schema.rb:37
  [1m[35m (18.4ms)[0m  [1m[35mCREATE TABLE "trainers" ("id" bigserial primary key, "name" character varying NOT NULL, "created_at" timestamp NOT NULL, "updated_at" timestamp NOT NULL, "session_token" character varying NOT NULL, "password_digest" character varying NOT NULL)[0m
  ↳ db/schema.rb:37
  [1m[35m (13.3ms)[0m  [1m[35mCREATE  INDEX  "index_trainers_on_name" ON "trainers"  ("name")[0m
  ↳ db/schema.rb:37
  [1m[35m (1.9ms)[0m  [1m[34mSELECT "schema_migrations"."version" FROM "schema_migrations" ORDER BY "schema_migrations"."version" ASC[0m
  ↳ db/schema.rb:13
  [1m[35m (2.9ms)[0m  [1m[32mINSERT INTO "schema_migrations" (version) VALUES (20211120094236)[0m
  ↳ db/schema.rb:13
  [1m[36mActiveRecord::InternalMetadata Load (1.3ms)[0m  [1m[34mSELECT  "ar_internal_metadata".* FROM "ar_internal_metadata" WHERE "ar_internal_metadata"."key" = $1 LIMIT $2[0m  [["key", "environment"], ["LIMIT", 1]]
  ↳ db/schema.rb:13
  [1m[35m (0.4ms)[0m  [1m[35mBEGIN[0m
  ↳ db/schema.rb:13
  [1m[36mActiveRecord::InternalMetadata Update (1.1ms)[0m  [1m[33mUPDATE "ar_internal_metadata" SET "value" = $1, "updated_at" = $2 WHERE "ar_internal_metadata"."key" = $3[0m  [["value", "development"], ["updated_at", "2021-11-24 19:07:35.821679"], ["key", "environment"]]
  ↳ db/schema.rb:13
  [1m[35m (3.0ms)[0m  [1m[35mCOMMIT[0m
  ↳ db/schema.rb:13
  [1m[36mActiveRecord::InternalMetadata Load (0.6ms)[0m  [1m[34mSELECT  "ar_internal_metadata".* FROM "ar_internal_metadata" WHERE "ar_internal_metadata"."key" = $1 LIMIT $2[0m  [["key", "environment"], ["LIMIT", 1]]
  ↳ bin/rails:9
  [1m[35m (0.4ms)[0m  [1m[35mBEGIN[0m
  ↳ bin/rails:9
  [1m[36mActiveRecord::InternalMetadata Update (1.2ms)[0m  [1m[33mUPDATE "ar_internal_metadata" SET "value" = $1, "updated_at" = $2 WHERE "ar_internal_metadata"."key" = $3[0m  [["value", "test"], ["updated_at", "2021-11-24 19:07:35.839224"], ["key", "environment"]]
  ↳ bin/rails:9
  [1m[35m (1.8ms)[0m  [1m[35mCOMMIT[0m
  ↳ bin/rails:9
  [1m[35m (1.0ms)[0m  [1m[34mSELECT "schema_migrations"."version" FROM "schema_migrations" ORDER BY "schema_migrations"."version" ASC[0m
  ↳ bin/rails:9
  [1m[35m (0.9ms)[0m  [1m[35mCREATE DATABASE "pokeMTA_development" ENCODING = 'unicode'[0m
  ↳ bin/rails:9
  [1m[35m (1.2ms)[0m  [1m[35mCREATE DATABASE "pokeMTA_test" ENCODING = 'unicode'[0m
  ↳ bin/rails:9
  [1m[35m (0.9ms)[0m  [1m[34mSELECT "schema_migrations"."version" FROM "schema_migrations" ORDER BY "schema_migrations"."version" ASC[0m
  ↳ bin/rails:9
  [1m[35m (3.6ms)[0m  [1m[34mSELECT "ar_internal_metadata"."value" FROM "ar_internal_metadata" WHERE "ar_internal_metadata"."key" = $1[0m  [["key", "environment"]]
  ↳ bin/rails:9
  [1m[35m (1.1ms)[0m  [1m[34mSELECT "schema_migrations"."version" FROM "schema_migrations" ORDER BY "schema_migrations"."version" ASC[0m
  ↳ bin/rails:9
  [1m[35m (0.6ms)[0m  [1m[34mSELECT "ar_internal_metadata"."value" FROM "ar_internal_metadata" WHERE "ar_internal_metadata"."key" = $1[0m  [["key", "environment"]]
  ↳ bin/rails:9
  [1m[35m (0.5ms)[0m  [1m[34mSELECT "schema_migrations"."version" FROM "schema_migrations" ORDER BY "schema_migrations"."version" ASC[0m
  ↳ bin/rails:9
  [1m[35m (0.4ms)[0m  [1m[34mSELECT "ar_internal_metadata"."value" FROM "ar_internal_metadata" WHERE "ar_internal_metadata"."key" = $1[0m  [["key", "environment"]]
  ↳ bin/rails:9
  [1m[35mSQL (0.7ms)[0m  [1m[35mCREATE EXTENSION IF NOT EXISTS "plpgsql"[0m
  ↳ db/schema.rb:16
  [1m[35m (4.7ms)[0m  [1m[35mDROP TABLE IF EXISTS "pokedex" CASCADE[0m
  ↳ db/schema.rb:18
  [1m[35m (27.8ms)[0m  [1m[35mCREATE TABLE "pokedex" ("id" bigserial primary key, "species" character varying NOT NULL, "type" character varying, "created_at" timestamp NOT NULL, "updated_at" timestamp NOT NULL)[0m
  ↳ db/schema.rb:18
  [1m[35m (11.2ms)[0m  [1m[35mCREATE  INDEX  "index_pokedex_on_species" ON "pokedex"  ("species")[0m
  ↳ db/schema.rb:18
  [1m[35m (13.3ms)[0m  [1m[35mDROP TABLE IF EXISTS "pokemons" CASCADE[0m
  ↳ db/schema.rb:26
  [1m[35m (23.1ms)[0m  [1m[35mCREATE TABLE "pokemons" ("id" bigserial primary key, "name" character varying NOT NULL, "pokedex_number" integer NOT NULL, "trainer_id" integer NOT NULL, "nature" character varying NOT NULL, "shiny" character varying, "gender" character varying, "created_at" timestamp NOT NULL, "updated_at" timestamp NOT NULL)[0m
  ↳ db/schema.rb:26
  [1m[35m (5.5ms)[0m  [1m[35mDROP TABLE IF EXISTS "trainers" CASCADE[0m
  ↳ db/schema.rb:37
  [1m[35m (34.4ms)[0m  [1m[35mCREATE TABLE "trainers" ("id" bigserial primary key, "name" character varying NOT NULL, "created_at" timestamp NOT NULL, "updated_at" timestamp NOT NULL, "session_token" character varying NOT NULL, "password_digest" character varying NOT NULL)[0m
  ↳ db/schema.rb:37
  [1m[35m (11.3ms)[0m  [1m[35mCREATE  INDEX  "index_trainers_on_name" ON "trainers"  ("name")[0m
  ↳ db/schema.rb:37
  [1m[35m (1.1ms)[0m  [1m[34mSELECT "schema_migrations"."version" FROM "schema_migrations" ORDER BY "schema_migrations"."version" ASC[0m
  ↳ db/schema.rb:13
  [1m[36mActiveRecord::InternalMetadata Load (0.8ms)[0m  [1m[34mSELECT  "ar_internal_metadata".* FROM "ar_internal_metadata" WHERE "ar_internal_metadata"."key" = $1 LIMIT $2[0m  [["key", "environment"], ["LIMIT", 1]]
  ↳ db/schema.rb:13
  [1m[35m (0.6ms)[0m  [1m[35mBEGIN[0m
  ↳ db/schema.rb:13
  [1m[35m (0.5ms)[0m  [1m[35mCOMMIT[0m
  ↳ db/schema.rb:13
  [1m[36mActiveRecord::InternalMetadata Load (0.9ms)[0m  [1m[34mSELECT  "ar_internal_metadata".* FROM "ar_internal_metadata" WHERE "ar_internal_metadata"."key" = $1 LIMIT $2[0m  [["key", "environment"], ["LIMIT", 1]]
  ↳ bin/rails:9
  [1m[35m (0.4ms)[0m  [1m[35mBEGIN[0m
  ↳ bin/rails:9
  [1m[35m (0.3ms)[0m  [1m[35mCOMMIT[0m
  ↳ bin/rails:9
  [1m[35mSQL (1.0ms)[0m  [1m[35mCREATE EXTENSION IF NOT EXISTS "plpgsql"[0m
  ↳ db/schema.rb:16
  [1m[35m (6.8ms)[0m  [1m[35mDROP TABLE IF EXISTS "pokedex" CASCADE[0m
  ↳ db/schema.rb:18
  [1m[35m (22.1ms)[0m  [1m[35mCREATE TABLE "pokedex" ("id" bigserial primary key, "species" character varying NOT NULL, "type" character varying, "created_at" timestamp NOT NULL, "updated_at" timestamp NOT NULL)[0m
  ↳ db/schema.rb:18
  [1m[35m (10.1ms)[0m  [1m[35mCREATE  INDEX  "index_pokedex_on_species" ON "pokedex"  ("species")[0m
  ↳ db/schema.rb:18
  [1m[35m (5.3ms)[0m  [1m[35mDROP TABLE IF EXISTS "pokemons" CASCADE[0m
  ↳ db/schema.rb:26
  [1m[35m (16.0ms)[0m  [1m[35mCREATE TABLE "pokemons" ("id" bigserial primary key, "name" character varying NOT NULL, "pokedex_number" integer NOT NULL, "trainer_id" integer NOT NULL, "nature" character varying NOT NULL, "shiny" character varying, "gender" character varying, "created_at" timestamp NOT NULL, "updated_at" timestamp NOT NULL)[0m
  ↳ db/schema.rb:26
  [1m[35m (10.9ms)[0m  [1m[35mDROP TABLE IF EXISTS "trainers" CASCADE[0m
  ↳ db/schema.rb:37
  [1m[35m (21.3ms)[0m  [1m[35mCREATE TABLE "trainers" ("id" bigserial primary key, "name" character varying NOT NULL, "created_at" timestamp NOT NULL, "updated_at" timestamp NOT NULL, "session_token" character varying NOT NULL, "password_digest" character varying NOT NULL)[0m
  ↳ db/schema.rb:37
  [1m[35m (6.8ms)[0m  [1m[35mCREATE  INDEX  "index_trainers_on_name" ON "trainers"  ("name")[0m
  ↳ db/schema.rb:37
  [1m[35m (0.9ms)[0m  [1m[34mSELECT "schema_migrations"."version" FROM "schema_migrations" ORDER BY "schema_migrations"."version" ASC[0m
  ↳ db/schema.rb:13
  [1m[36mActiveRecord::InternalMetadata Load (0.5ms)[0m  [1m[34mSELECT  "ar_internal_metadata".* FROM "ar_internal_metadata" WHERE "ar_internal_metadata"."key" = $1 LIMIT $2[0m  [["key", "environment"], ["LIMIT", 1]]
  ↳ db/schema.rb:13
  [1m[35m (0.2ms)[0m  [1m[35mBEGIN[0m
  ↳ db/schema.rb:13
  [1m[36mActiveRecord::InternalMetadata Update (0.6ms)[0m  [1m[33mUPDATE "ar_internal_metadata" SET "value" = $1, "updated_at" = $2 WHERE "ar_internal_metadata"."key" = $3[0m  [["value", "development"], ["updated_at", "2021-11-24 19:08:18.481947"], ["key", "environment"]]
  ↳ db/schema.rb:13
  [1m[35m (2.3ms)[0m  [1m[35mCOMMIT[0m
  ↳ db/schema.rb:13
  [1m[36mActiveRecord::InternalMetadata Load (1.5ms)[0m  [1m[34mSELECT  "ar_internal_metadata".* FROM "ar_internal_metadata" WHERE "ar_internal_metadata"."key" = $1 LIMIT $2[0m  [["key", "environment"], ["LIMIT", 1]]
  ↳ bin/rails:9
  [1m[35m (0.5ms)[0m  [1m[35mBEGIN[0m
  ↳ bin/rails:9
  [1m[36mActiveRecord::InternalMetadata Update (0.9ms)[0m  [1m[33mUPDATE "ar_internal_metadata" SET "value" = $1, "updated_at" = $2 WHERE "ar_internal_metadata"."key" = $3[0m  [["value", "test"], ["updated_at", "2021-11-24 19:08:18.498785"], ["key", "environment"]]
  ↳ bin/rails:9
  [1m[35m (2.4ms)[0m  [1m[35mCOMMIT[0m
  ↳ bin/rails:9
  [1m[35m (1.1ms)[0m  [1m[34mSELECT "schema_migrations"."version" FROM "schema_migrations" ORDER BY "schema_migrations"."version" ASC[0m
  ↳ bin/rails:9
  [1m[35m (0.9ms)[0m  [1m[35mCREATE DATABASE "pokeMTA_development" ENCODING = 'unicode'[0m
  ↳ bin/rails:9
  [1m[35m (0.9ms)[0m  [1m[35mCREATE DATABASE "pokeMTA_test" ENCODING = 'unicode'[0m
  ↳ bin/rails:9
  [1m[35m (1.3ms)[0m  [1m[34mSELECT "schema_migrations"."version" FROM "schema_migrations" ORDER BY "schema_migrations"."version" ASC[0m
  ↳ bin/rails:9
  [1m[35m (0.9ms)[0m  [1m[34mSELECT "ar_internal_metadata"."value" FROM "ar_internal_metadata" WHERE "ar_internal_metadata"."key" = $1[0m  [["key", "environment"]]
  ↳ bin/rails:9
  [1m[35m (0.7ms)[0m  [1m[34mSELECT "schema_migrations"."version" FROM "schema_migrations" ORDER BY "schema_migrations"."version" ASC[0m
  ↳ bin/rails:9
  [1m[35m (0.6ms)[0m  [1m[34mSELECT "ar_internal_metadata"."value" FROM "ar_internal_metadata" WHERE "ar_internal_metadata"."key" = $1[0m  [["key", "environment"]]
  ↳ bin/rails:9
  [1m[35m (2.8ms)[0m  [1m[34mSELECT "schema_migrations"."version" FROM "schema_migrations" ORDER BY "schema_migrations"."version" ASC[0m
  ↳ bin/rails:9
  [1m[35m (0.3ms)[0m  [1m[34mSELECT "ar_internal_metadata"."value" FROM "ar_internal_metadata" WHERE "ar_internal_metadata"."key" = $1[0m  [["key", "environment"]]
  ↳ bin/rails:9
  [1m[35mSQL (0.5ms)[0m  [1m[35mCREATE EXTENSION IF NOT EXISTS "plpgsql"[0m
  ↳ db/schema.rb:16
  [1m[35m (9.7ms)[0m  [1m[35mDROP TABLE IF EXISTS "pokedex" CASCADE[0m
  ↳ db/schema.rb:18
  [1m[35m (21.0ms)[0m  [1m[35mCREATE TABLE "pokedex" ("id" bigserial primary key, "species" character varying NOT NULL, "type" character varying, "created_at" timestamp NOT NULL, "updated_at" timestamp NOT NULL)[0m
  ↳ db/schema.rb:18
  [1m[35m (8.7ms)[0m  [1m[35mCREATE  INDEX  "index_pokedex_on_species" ON "pokedex"  ("species")[0m
  ↳ db/schema.rb:18
  [1m[35m (7.1ms)[0m  [1m[35mDROP TABLE IF EXISTS "pokemons" CASCADE[0m
  ↳ db/schema.rb:26
  [1m[35m (37.6ms)[0m  [1m[35mCREATE TABLE "pokemons" ("id" bigserial primary key, "name" character varying NOT NULL, "pokedex_number" integer NOT NULL, "trainer_id" integer NOT NULL, "nature" character varying NOT NULL, "shiny" character varying, "gender" character varying, "created_at" timestamp NOT NULL, "updated_at" timestamp NOT NULL)[0m
  ↳ db/schema.rb:26
  [1m[35m (10.0ms)[0m  [1m[35mDROP TABLE IF EXISTS "trainers" CASCADE[0m
  ↳ db/schema.rb:37
  [1m[35m (24.4ms)[0m  [1m[35mCREATE TABLE "trainers" ("id" bigserial primary key, "name" character varying NOT NULL, "created_at" timestamp NOT NULL, "updated_at" timestamp NOT NULL, "session_token" character varying NOT NULL, "password_digest" character varying NOT NULL)[0m
  ↳ db/schema.rb:37
  [1m[35m (12.5ms)[0m  [1m[35mCREATE  INDEX  "index_trainers_on_name" ON "trainers"  ("name")[0m
  ↳ db/schema.rb:37
  [1m[35m (1.0ms)[0m  [1m[34mSELECT "schema_migrations"."version" FROM "schema_migrations" ORDER BY "schema_migrations"."version" ASC[0m
  ↳ db/schema.rb:13
  [1m[36mActiveRecord::InternalMetadata Load (2.4ms)[0m  [1m[34mSELECT  "ar_internal_metadata".* FROM "ar_internal_metadata" WHERE "ar_internal_metadata"."key" = $1 LIMIT $2[0m  [["key", "environment"], ["LIMIT", 1]]
  ↳ db/schema.rb:13
  [1m[35m (0.7ms)[0m  [1m[35mBEGIN[0m
  ↳ db/schema.rb:13
  [1m[35m (0.4ms)[0m  [1m[35mCOMMIT[0m
  ↳ db/schema.rb:13
  [1m[36mActiveRecord::InternalMetadata Load (0.8ms)[0m  [1m[34mSELECT  "ar_internal_metadata".* FROM "ar_internal_metadata" WHERE "ar_internal_metadata"."key" = $1 LIMIT $2[0m  [["key", "environment"], ["LIMIT", 1]]
  ↳ bin/rails:9
  [1m[35m (1.0ms)[0m  [1m[35mBEGIN[0m
  ↳ bin/rails:9
  [1m[35m (0.5ms)[0m  [1m[35mCOMMIT[0m
  ↳ bin/rails:9
  [1m[35mSQL (1.1ms)[0m  [1m[35mCREATE EXTENSION IF NOT EXISTS "plpgsql"[0m
  ↳ db/schema.rb:16
  [1m[35m (9.1ms)[0m  [1m[35mDROP TABLE IF EXISTS "pokedex" CASCADE[0m
  ↳ db/schema.rb:18
  [1m[35m (19.6ms)[0m  [1m[35mCREATE TABLE "pokedex" ("id" bigserial primary key, "species" character varying NOT NULL, "type" character varying, "created_at" timestamp NOT NULL, "updated_at" timestamp NOT NULL)[0m
  ↳ db/schema.rb:18
  [1m[35m (7.5ms)[0m  [1m[35mCREATE  INDEX  "index_pokedex_on_species" ON "pokedex"  ("species")[0m
  ↳ db/schema.rb:18
  [1m[35m (6.7ms)[0m  [1m[35mDROP TABLE IF EXISTS "pokemons" CASCADE[0m
  ↳ db/schema.rb:26
  [1m[35m (19.5ms)[0m  [1m[35mCREATE TABLE "pokemons" ("id" bigserial primary key, "name" character varying NOT NULL, "pokedex_number" integer NOT NULL, "trainer_id" integer NOT NULL, "nature" character varying NOT NULL, "shiny" character varying, "gender" character varying, "created_at" timestamp NOT NULL, "updated_at" timestamp NOT NULL)[0m
  ↳ db/schema.rb:26
  [1m[35m (6.8ms)[0m  [1m[35mDROP TABLE IF EXISTS "trainers" CASCADE[0m
  ↳ db/schema.rb:37
  [1m[35m (15.5ms)[0m  [1m[35mCREATE TABLE "trainers" ("id" bigserial primary key, "name" character varying NOT NULL, "created_at" timestamp NOT NULL, "updated_at" timestamp NOT NULL, "session_token" character varying NOT NULL, "password_digest" character varying NOT NULL)[0m
  ↳ db/schema.rb:37
  [1m[35m (9.0ms)[0m  [1m[35mCREATE  INDEX  "index_trainers_on_name" ON "trainers"  ("name")[0m
  ↳ db/schema.rb:37
  [1m[35m (1.4ms)[0m  [1m[34mSELECT "schema_migrations"."version" FROM "schema_migrations" ORDER BY "schema_migrations"."version" ASC[0m
  ↳ db/schema.rb:13
  [1m[36mActiveRecord::InternalMetadata Load (1.0ms)[0m  [1m[34mSELECT  "ar_internal_metadata".* FROM "ar_internal_metadata" WHERE "ar_internal_metadata"."key" = $1 LIMIT $2[0m  [["key", "environment"], ["LIMIT", 1]]
  ↳ db/schema.rb:13
  [1m[35m (0.6ms)[0m  [1m[35mBEGIN[0m
  ↳ db/schema.rb:13
  [1m[36mActiveRecord::InternalMetadata Update (0.7ms)[0m  [1m[33mUPDATE "ar_internal_metadata" SET "value" = $1, "updated_at" = $2 WHERE "ar_internal_metadata"."key" = $3[0m  [["value", "development"], ["updated_at", "2021-11-24 19:08:42.219343"], ["key", "environment"]]
  ↳ db/schema.rb:13
  [1m[35m (1.6ms)[0m  [1m[35mCOMMIT[0m
  ↳ db/schema.rb:13
  [1m[36mActiveRecord::InternalMetadata Load (0.4ms)[0m  [1m[34mSELECT  "ar_internal_metadata".* FROM "ar_internal_metadata" WHERE "ar_internal_metadata"."key" = $1 LIMIT $2[0m  [["key", "environment"], ["LIMIT", 1]]
  ↳ bin/rails:9
  [1m[35m (0.8ms)[0m  [1m[35mBEGIN[0m
  ↳ bin/rails:9
  [1m[36mActiveRecord::InternalMetadata Update (0.8ms)[0m  [1m[33mUPDATE "ar_internal_metadata" SET "value" = $1, "updated_at" = $2 WHERE "ar_internal_metadata"."key" = $3[0m  [["value", "test"], ["updated_at", "2021-11-24 19:08:42.235872"], ["key", "environment"]]
  ↳ bin/rails:9
  [1m[35m (1.9ms)[0m  [1m[35mCOMMIT[0m
  ↳ bin/rails:9
  [1m[35m (0.8ms)[0m  [1m[34mSELECT "schema_migrations"."version" FROM "schema_migrations" ORDER BY "schema_migrations"."version" ASC[0m
  ↳ bin/rails:9
Started GET "/" for ::1 at 2021-11-24 21:39:08 -0500
  [1m[35m (2.4ms)[0m  [1m[34mSELECT "schema_migrations"."version" FROM "schema_migrations" ORDER BY "schema_migrations"."version" ASC[0m
  ↳ /home/anna/.rbenv/versions/2.5.1/lib/ruby/gems/2.5.0/gems/activerecord-5.2.6/lib/active_record/log_subscriber.rb:98
Processing by Rails::WelcomeController#index as HTML
  Rendering /home/anna/.rbenv/versions/2.5.1/lib/ruby/gems/2.5.0/gems/railties-5.2.6/lib/rails/templates/rails/welcome/index.html.erb
  Rendered /home/anna/.rbenv/versions/2.5.1/lib/ruby/gems/2.5.0/gems/railties-5.2.6/lib/rails/templates/rails/welcome/index.html.erb (2.6ms)
Completed 200 OK in 14ms (Views: 8.8ms | ActiveRecord: 0.0ms)


Started GET "/pokemon" for ::1 at 2021-11-24 21:39:14 -0500
  
ActionController::RoutingError (No route matches [GET] "/pokemon"):
  
actionpack (5.2.6) lib/action_dispatch/middleware/debug_exceptions.rb:65:in `call'
web-console (3.7.0) lib/web_console/middleware.rb:135:in `call_app'
web-console (3.7.0) lib/web_console/middleware.rb:30:in `block in call'
web-console (3.7.0) lib/web_console/middleware.rb:20:in `catch'
web-console (3.7.0) lib/web_console/middleware.rb:20:in `call'
actionpack (5.2.6) lib/action_dispatch/middleware/show_exceptions.rb:33:in `call'
railties (5.2.6) lib/rails/rack/logger.rb:38:in `call_app'
railties (5.2.6) lib/rails/rack/logger.rb:26:in `block in call'
activesupport (5.2.6) lib/active_support/tagged_logging.rb:71:in `block in tagged'
activesupport (5.2.6) lib/active_support/tagged_logging.rb:28:in `tagged'
activesupport (5.2.6) lib/active_support/tagged_logging.rb:71:in `tagged'
railties (5.2.6) lib/rails/rack/logger.rb:26:in `call'
sprockets-rails (3.3.0) lib/sprockets/rails/quiet_assets.rb:13:in `call'
actionpack (5.2.6) lib/action_dispatch/middleware/remote_ip.rb:81:in `call'
actionpack (5.2.6) lib/action_dispatch/middleware/request_id.rb:27:in `call'
rack (2.2.3) lib/rack/method_override.rb:24:in `call'
rack (2.2.3) lib/rack/runtime.rb:22:in `call'
activesupport (5.2.6) lib/active_support/cache/strategy/local_cache_middleware.rb:29:in `call'
actionpack (5.2.6) lib/action_dispatch/middleware/executor.rb:14:in `call'
actionpack (5.2.6) lib/action_dispatch/middleware/static.rb:127:in `call'
rack (2.2.3) lib/rack/sendfile.rb:110:in `call'
railties (5.2.6) lib/rails/engine.rb:524:in `call'
puma (3.12.6) lib/puma/configuration.rb:227:in `call'
puma (3.12.6) lib/puma/server.rb:706:in `handle_request'
puma (3.12.6) lib/puma/server.rb:476:in `process_client'
puma (3.12.6) lib/puma/server.rb:334:in `block in run'
puma (3.12.6) lib/puma/thread_pool.rb:135:in `block in spawn_thread'
Started GET "/pokemons" for ::1 at 2021-11-24 21:39:19 -0500
Processing by PokemonsController#index as HTML
Completed 500 Internal Server Error in 113ms (ActiveRecord: 0.0ms)



NoMethodError - undefined method `helper_method' for ApplicationRecord(abstract):Class:
  app/models/application_record.rb:4:in `<class:ApplicationRecord>'
  app/models/application_record.rb:1:in `<top (required)>'
  app/models/pokemon.rb:17:in `<top (required)>'
  app/controllers/pokemons_controller.rb:4:in `index'

Started POST "/__better_errors/54e335251de09075/variables" for ::1 at 2021-11-24 21:39:19 -0500
Started GET "/pokemons" for ::1 at 2021-11-24 21:43:32 -0500
  [1m[35m (0.6ms)[0m  [1m[34mSELECT "schema_migrations"."version" FROM "schema_migrations" ORDER BY "schema_migrations"."version" ASC[0m
  ↳ /home/anna/.rbenv/versions/2.5.1/lib/ruby/gems/2.5.0/gems/activerecord-5.2.6/lib/active_record/log_subscriber.rb:98
Processing by PokemonsController#index as HTML
Completed 500 Internal Server Error in 110ms (ActiveRecord: 0.8ms)



NoMethodError - undefined method `helper_method' for ApplicationRecord(Table doesn't exist):Class:
  app/models/application_record.rb:4:in `<class:ApplicationRecord>'
  app/models/application_record.rb:1:in `<top (required)>'
  app/models/pokemon.rb:17:in `<top (required)>'
  app/controllers/pokemons_controller.rb:4:in `index'

Started POST "/__better_errors/b81c75cc9ce6b75c/variables" for ::1 at 2021-11-24 21:43:33 -0500
Started GET "/pokemons" for ::1 at 2021-11-24 21:44:29 -0500
  [1m[35m (0.6ms)[0m  [1m[34mSELECT "schema_migrations"."version" FROM "schema_migrations" ORDER BY "schema_migrations"."version" ASC[0m
  ↳ /home/anna/.rbenv/versions/2.5.1/lib/ruby/gems/2.5.0/gems/activerecord-5.2.6/lib/active_record/log_subscriber.rb:98
Processing by PokemonsController#index as HTML
Completed 500 Internal Server Error in 101ms (ActiveRecord: 10.3ms)



ActiveRecord::StatementInvalid - PG::UndefinedTable: ERROR:  relation "application_records" does not exist
LINE 8:                WHERE a.attrelid = '"application_records"'::r...
                                          ^
:               SELECT a.attname, format_type(a.atttypid, a.atttypmod),
                     pg_get_expr(d.adbin, d.adrelid), a.attnotnull, a.atttypid, a.atttypmod,
                     c.collname, col_description(a.attrelid, a.attnum) AS comment
                FROM pg_attribute a
                LEFT JOIN pg_attrdef d ON a.attrelid = d.adrelid AND a.attnum = d.adnum
                LEFT JOIN pg_type t ON a.atttypid = t.oid
                LEFT JOIN pg_collation c ON a.attcollation = c.oid AND a.attcollation <> t.typcollation
               WHERE a.attrelid = '"application_records"'::regclass
                 AND a.attnum > 0 AND NOT a.attisdropped
               ORDER BY a.attnum:
  app/controllers/pokemons_controller.rb:4:in `index'

Started POST "/__better_errors/88b27fbc902342aa/variables" for ::1 at 2021-11-24 21:44:29 -0500
Started GET "/pokemons" for ::1 at 2021-11-24 21:46:07 -0500
  [1m[35m (0.6ms)[0m  [1m[34mSELECT "schema_migrations"."version" FROM "schema_migrations" ORDER BY "schema_migrations"."version" ASC[0m
  ↳ /home/anna/.rbenv/versions/2.5.1/lib/ruby/gems/2.5.0/gems/activerecord-5.2.6/lib/active_record/log_subscriber.rb:98
Processing by PokemonsController#index as HTML
Completed 500 Internal Server Error in 95ms (ActiveRecord: 0.8ms)



NoMethodError - undefined method `helper_method' for ApplicationRecord(Table doesn't exist):Class:
  app/models/application_record.rb:4:in `<class:ApplicationRecord>'
  app/models/application_record.rb:1:in `<top (required)>'
  app/models/pokemon.rb:17:in `<top (required)>'
  app/controllers/pokemons_controller.rb:4:in `index'

Started POST "/__better_errors/76f462feeb44ea46/variables" for ::1 at 2021-11-24 21:46:07 -0500
Started GET "/pokemons" for ::1 at 2021-11-24 21:47:15 -0500
  [1m[35m (0.9ms)[0m  [1m[34mSELECT "schema_migrations"."version" FROM "schema_migrations" ORDER BY "schema_migrations"."version" ASC[0m
  ↳ /home/anna/.rbenv/versions/2.5.1/lib/ruby/gems/2.5.0/gems/activerecord-5.2.6/lib/active_record/log_subscriber.rb:98
Processing by PokemonsController#index as HTML
  Rendering pokemons/index.html.erb within layouts/application
  [1m[36mPokemon Load (1.6ms)[0m  [1m[34mSELECT "pokemons".* FROM "pokemons"[0m
  ↳ app/views/pokemons/index.html.erb:4
  Rendered pokemons/index.html.erb within layouts/application (13.3ms)
Completed 200 OK in 1636ms (Views: 1538.3ms | ActiveRecord: 9.4ms)


  [1m[35m (1.7ms)[0m  [1m[35mCREATE DATABASE "pokeMTA_development" ENCODING = 'unicode'[0m
  ↳ bin/rails:9
  [1m[35m (1.1ms)[0m  [1m[35mCREATE DATABASE "pokeMTA_test" ENCODING = 'unicode'[0m
  ↳ bin/rails:9
  [1m[35m (0.7ms)[0m  [1m[34mSELECT "schema_migrations"."version" FROM "schema_migrations" ORDER BY "schema_migrations"."version" ASC[0m
  ↳ bin/rails:9
  [1m[35m (2.2ms)[0m  [1m[34mSELECT "ar_internal_metadata"."value" FROM "ar_internal_metadata" WHERE "ar_internal_metadata"."key" = $1[0m  [["key", "environment"]]
  ↳ bin/rails:9
  [1m[35m (0.4ms)[0m  [1m[34mSELECT "schema_migrations"."version" FROM "schema_migrations" ORDER BY "schema_migrations"."version" ASC[0m
  ↳ bin/rails:9
  [1m[35m (0.3ms)[0m  [1m[34mSELECT "ar_internal_metadata"."value" FROM "ar_internal_metadata" WHERE "ar_internal_metadata"."key" = $1[0m  [["key", "environment"]]
  ↳ bin/rails:9
  [1m[35m (0.3ms)[0m  [1m[34mSELECT "schema_migrations"."version" FROM "schema_migrations" ORDER BY "schema_migrations"."version" ASC[0m
  ↳ bin/rails:9
  [1m[35m (0.3ms)[0m  [1m[34mSELECT "ar_internal_metadata"."value" FROM "ar_internal_metadata" WHERE "ar_internal_metadata"."key" = $1[0m  [["key", "environment"]]
  ↳ bin/rails:9
  [1m[35mSQL (4.0ms)[0m  [1m[35mCREATE EXTENSION IF NOT EXISTS "plpgsql"[0m
  ↳ db/schema.rb:16
  [1m[35m (19.1ms)[0m  [1m[35mDROP TABLE IF EXISTS "pokedex" CASCADE[0m
  ↳ db/schema.rb:18
  [1m[35m (31.5ms)[0m  [1m[35mCREATE TABLE "pokedex" ("id" bigserial primary key, "species" character varying NOT NULL, "type" character varying, "created_at" timestamp NOT NULL, "updated_at" timestamp NOT NULL)[0m
  ↳ db/schema.rb:18
  [1m[35m (7.2ms)[0m  [1m[35mCREATE  INDEX  "index_pokedex_on_species" ON "pokedex"  ("species")[0m
  ↳ db/schema.rb:18
  [1m[35m (3.2ms)[0m  [1m[35mDROP TABLE IF EXISTS "pokemons" CASCADE[0m
  ↳ db/schema.rb:26
  [1m[35m (16.1ms)[0m  [1m[35mCREATE TABLE "pokemons" ("id" bigserial primary key, "name" character varying NOT NULL, "pokedex_number" integer NOT NULL, "trainer_id" integer NOT NULL, "nature" character varying NOT NULL, "shiny" character varying, "gender" character varying, "created_at" timestamp NOT NULL, "updated_at" timestamp NOT NULL)[0m
  ↳ db/schema.rb:26
  [1m[35m (3.7ms)[0m  [1m[35mDROP TABLE IF EXISTS "trainers" CASCADE[0m
  ↳ db/schema.rb:37
  [1m[35m (16.2ms)[0m  [1m[35mCREATE TABLE "trainers" ("id" bigserial primary key, "name" character varying NOT NULL, "created_at" timestamp NOT NULL, "updated_at" timestamp NOT NULL, "session_token" character varying NOT NULL, "password_digest" character varying NOT NULL)[0m
  ↳ db/schema.rb:37
  [1m[35m (7.1ms)[0m  [1m[35mCREATE  INDEX  "index_trainers_on_name" ON "trainers"  ("name")[0m
  ↳ db/schema.rb:37
  [1m[35m (0.6ms)[0m  [1m[34mSELECT "schema_migrations"."version" FROM "schema_migrations" ORDER BY "schema_migrations"."version" ASC[0m
  ↳ db/schema.rb:13
  [1m[36mActiveRecord::InternalMetadata Load (1.0ms)[0m  [1m[34mSELECT  "ar_internal_metadata".* FROM "ar_internal_metadata" WHERE "ar_internal_metadata"."key" = $1 LIMIT $2[0m  [["key", "environment"], ["LIMIT", 1]]
  ↳ db/schema.rb:13
  [1m[35m (0.2ms)[0m  [1m[35mBEGIN[0m
  ↳ db/schema.rb:13
  [1m[35m (0.5ms)[0m  [1m[35mCOMMIT[0m
  ↳ db/schema.rb:13
  [1m[36mActiveRecord::InternalMetadata Load (0.5ms)[0m  [1m[34mSELECT  "ar_internal_metadata".* FROM "ar_internal_metadata" WHERE "ar_internal_metadata"."key" = $1 LIMIT $2[0m  [["key", "environment"], ["LIMIT", 1]]
  ↳ bin/rails:9
  [1m[35m (0.3ms)[0m  [1m[35mBEGIN[0m
  ↳ bin/rails:9
  [1m[35m (0.3ms)[0m  [1m[35mCOMMIT[0m
  ↳ bin/rails:9
  [1m[35mSQL (1.1ms)[0m  [1m[35mCREATE EXTENSION IF NOT EXISTS "plpgsql"[0m
  ↳ db/schema.rb:16
  [1m[35m (12.0ms)[0m  [1m[35mDROP TABLE IF EXISTS "pokedex" CASCADE[0m
  ↳ db/schema.rb:18
  [1m[35m (21.8ms)[0m  [1m[35mCREATE TABLE "pokedex" ("id" bigserial primary key, "species" character varying NOT NULL, "type" character varying, "created_at" timestamp NOT NULL, "updated_at" timestamp NOT NULL)[0m
  ↳ db/schema.rb:18
  [1m[35m (11.1ms)[0m  [1m[35mCREATE  INDEX  "index_pokedex_on_species" ON "pokedex"  ("species")[0m
  ↳ db/schema.rb:18
  [1m[35m (4.1ms)[0m  [1m[35mDROP TABLE IF EXISTS "pokemons" CASCADE[0m
  ↳ db/schema.rb:26
  [1m[35m (18.6ms)[0m  [1m[35mCREATE TABLE "pokemons" ("id" bigserial primary key, "name" character varying NOT NULL, "pokedex_number" integer NOT NULL, "trainer_id" integer NOT NULL, "nature" character varying NOT NULL, "shiny" character varying, "gender" character varying, "created_at" timestamp NOT NULL, "updated_at" timestamp NOT NULL)[0m
  ↳ db/schema.rb:26
  [1m[35m (4.3ms)[0m  [1m[35mDROP TABLE IF EXISTS "trainers" CASCADE[0m
  ↳ db/schema.rb:37
  [1m[35m (16.8ms)[0m  [1m[35mCREATE TABLE "trainers" ("id" bigserial primary key, "name" character varying NOT NULL, "created_at" timestamp NOT NULL, "updated_at" timestamp NOT NULL, "session_token" character varying NOT NULL, "password_digest" character varying NOT NULL)[0m
  ↳ db/schema.rb:37
  [1m[35m (7.4ms)[0m  [1m[35mCREATE  INDEX  "index_trainers_on_name" ON "trainers"  ("name")[0m
  ↳ db/schema.rb:37
  [1m[35m (1.4ms)[0m  [1m[34mSELECT "schema_migrations"."version" FROM "schema_migrations" ORDER BY "schema_migrations"."version" ASC[0m
  ↳ db/schema.rb:13
  [1m[36mActiveRecord::InternalMetadata Load (0.8ms)[0m  [1m[34mSELECT  "ar_internal_metadata".* FROM "ar_internal_metadata" WHERE "ar_internal_metadata"."key" = $1 LIMIT $2[0m  [["key", "environment"], ["LIMIT", 1]]
  ↳ db/schema.rb:13
  [1m[35m (0.5ms)[0m  [1m[35mBEGIN[0m
  ↳ db/schema.rb:13
  [1m[36mActiveRecord::InternalMetadata Update (3.0ms)[0m  [1m[33mUPDATE "ar_internal_metadata" SET "value" = $1, "updated_at" = $2 WHERE "ar_internal_metadata"."key" = $3[0m  [["value", "development"], ["updated_at", "2021-11-25 02:48:01.294283"], ["key", "environment"]]
  ↳ db/schema.rb:13
  [1m[35m (2.0ms)[0m  [1m[35mCOMMIT[0m
  ↳ db/schema.rb:13
  [1m[36mActiveRecord::InternalMetadata Load (0.3ms)[0m  [1m[34mSELECT  "ar_internal_metadata".* FROM "ar_internal_metadata" WHERE "ar_internal_metadata"."key" = $1 LIMIT $2[0m  [["key", "environment"], ["LIMIT", 1]]
  ↳ bin/rails:9
  [1m[35m (0.2ms)[0m  [1m[35mBEGIN[0m
  ↳ bin/rails:9
  [1m[36mActiveRecord::InternalMetadata Update (0.7ms)[0m  [1m[33mUPDATE "ar_internal_metadata" SET "value" = $1, "updated_at" = $2 WHERE "ar_internal_metadata"."key" = $3[0m  [["value", "test"], ["updated_at", "2021-11-25 02:48:01.306765"], ["key", "environment"]]
  ↳ bin/rails:9
  [1m[35m (2.2ms)[0m  [1m[35mCOMMIT[0m
  ↳ bin/rails:9
  [1m[35m (0.6ms)[0m  [1m[34mSELECT "schema_migrations"."version" FROM "schema_migrations" ORDER BY "schema_migrations"."version" ASC[0m
  ↳ bin/rails:9
  [1m[36mPokedex Load (4.3ms)[0m  [1m[34mSELECT "pokedexes".* FROM "pokedexes"[0m
  ↳ db/seeds.rb:11
  [1m[35m (0.8ms)[0m  [1m[35mCREATE DATABASE "pokeMTA_development" ENCODING = 'unicode'[0m
  ↳ bin/rails:9
  [1m[35m (1.0ms)[0m  [1m[35mCREATE DATABASE "pokeMTA_test" ENCODING = 'unicode'[0m
  ↳ bin/rails:9
  [1m[35m (1.0ms)[0m  [1m[34mSELECT "schema_migrations"."version" FROM "schema_migrations" ORDER BY "schema_migrations"."version" ASC[0m
  ↳ bin/rails:9
  [1m[35m (0.4ms)[0m  [1m[34mSELECT "ar_internal_metadata"."value" FROM "ar_internal_metadata" WHERE "ar_internal_metadata"."key" = $1[0m  [["key", "environment"]]
  ↳ bin/rails:9
  [1m[35m (0.3ms)[0m  [1m[34mSELECT "schema_migrations"."version" FROM "schema_migrations" ORDER BY "schema_migrations"."version" ASC[0m
  ↳ bin/rails:9
  [1m[35m (0.3ms)[0m  [1m[34mSELECT "ar_internal_metadata"."value" FROM "ar_internal_metadata" WHERE "ar_internal_metadata"."key" = $1[0m  [["key", "environment"]]
  ↳ bin/rails:9
  [1m[35m (0.2ms)[0m  [1m[34mSELECT "schema_migrations"."version" FROM "schema_migrations" ORDER BY "schema_migrations"."version" ASC[0m
  ↳ bin/rails:9
  [1m[35m (0.7ms)[0m  [1m[34mSELECT "ar_internal_metadata"."value" FROM "ar_internal_metadata" WHERE "ar_internal_metadata"."key" = $1[0m  [["key", "environment"]]
  ↳ bin/rails:9
  [1m[35mSQL (0.4ms)[0m  [1m[35mCREATE EXTENSION IF NOT EXISTS "plpgsql"[0m
  ↳ db/schema.rb:16
  [1m[35m (5.0ms)[0m  [1m[35mDROP TABLE IF EXISTS "pokedex" CASCADE[0m
  ↳ db/schema.rb:18
  [1m[35m (14.4ms)[0m  [1m[35mCREATE TABLE "pokedex" ("id" bigserial primary key, "species" character varying NOT NULL, "type" character varying, "created_at" timestamp NOT NULL, "updated_at" timestamp NOT NULL)[0m
  ↳ db/schema.rb:18
  [1m[35m (5.9ms)[0m  [1m[35mCREATE  INDEX  "index_pokedex_on_species" ON "pokedex"  ("species")[0m
  ↳ db/schema.rb:18
  [1m[35m (5.2ms)[0m  [1m[35mDROP TABLE IF EXISTS "pokemons" CASCADE[0m
  ↳ db/schema.rb:26
  [1m[35m (12.9ms)[0m  [1m[35mCREATE TABLE "pokemons" ("id" bigserial primary key, "name" character varying NOT NULL, "pokedex_number" integer NOT NULL, "trainer_id" integer NOT NULL, "nature" character varying NOT NULL, "shiny" character varying, "gender" character varying, "created_at" timestamp NOT NULL, "updated_at" timestamp NOT NULL)[0m
  ↳ db/schema.rb:26
  [1m[35m (4.7ms)[0m  [1m[35mDROP TABLE IF EXISTS "trainers" CASCADE[0m
  ↳ db/schema.rb:37
  [1m[35m (13.7ms)[0m  [1m[35mCREATE TABLE "trainers" ("id" bigserial primary key, "name" character varying NOT NULL, "created_at" timestamp NOT NULL, "updated_at" timestamp NOT NULL, "session_token" character varying NOT NULL, "password_digest" character varying NOT NULL)[0m
  ↳ db/schema.rb:37
  [1m[35m (5.3ms)[0m  [1m[35mCREATE  INDEX  "index_trainers_on_name" ON "trainers"  ("name")[0m
  ↳ db/schema.rb:37
  [1m[35m (0.6ms)[0m  [1m[34mSELECT "schema_migrations"."version" FROM "schema_migrations" ORDER BY "schema_migrations"."version" ASC[0m
  ↳ db/schema.rb:13
  [1m[36mActiveRecord::InternalMetadata Load (0.4ms)[0m  [1m[34mSELECT  "ar_internal_metadata".* FROM "ar_internal_metadata" WHERE "ar_internal_metadata"."key" = $1 LIMIT $2[0m  [["key", "environment"], ["LIMIT", 1]]
  ↳ db/schema.rb:13
  [1m[35m (0.2ms)[0m  [1m[35mBEGIN[0m
  ↳ db/schema.rb:13
  [1m[35m (2.1ms)[0m  [1m[35mCOMMIT[0m
  ↳ db/schema.rb:13
  [1m[36mActiveRecord::InternalMetadata Load (0.6ms)[0m  [1m[34mSELECT  "ar_internal_metadata".* FROM "ar_internal_metadata" WHERE "ar_internal_metadata"."key" = $1 LIMIT $2[0m  [["key", "environment"], ["LIMIT", 1]]
  ↳ bin/rails:9
  [1m[35m (0.3ms)[0m  [1m[35mBEGIN[0m
  ↳ bin/rails:9
  [1m[35m (0.3ms)[0m  [1m[35mCOMMIT[0m
  ↳ bin/rails:9
  [1m[35mSQL (0.3ms)[0m  [1m[35mCREATE EXTENSION IF NOT EXISTS "plpgsql"[0m
  ↳ db/schema.rb:16
  [1m[35m (4.1ms)[0m  [1m[35mDROP TABLE IF EXISTS "pokedex" CASCADE[0m
  ↳ db/schema.rb:18
  [1m[35m (13.4ms)[0m  [1m[35mCREATE TABLE "pokedex" ("id" bigserial primary key, "species" character varying NOT NULL, "type" character varying, "created_at" timestamp NOT NULL, "updated_at" timestamp NOT NULL)[0m
  ↳ db/schema.rb:18
  [1m[35m (6.9ms)[0m  [1m[35mCREATE  INDEX  "index_pokedex_on_species" ON "pokedex"  ("species")[0m
  ↳ db/schema.rb:18
  [1m[35m (7.1ms)[0m  [1m[35mDROP TABLE IF EXISTS "pokemons" CASCADE[0m
  ↳ db/schema.rb:26
  [1m[35m (21.9ms)[0m  [1m[35mCREATE TABLE "pokemons" ("id" bigserial primary key, "name" character varying NOT NULL, "pokedex_number" integer NOT NULL, "trainer_id" integer NOT NULL, "nature" character varying NOT NULL, "shiny" character varying, "gender" character varying, "created_at" timestamp NOT NULL, "updated_at" timestamp NOT NULL)[0m
  ↳ db/schema.rb:26
  [1m[35m (4.1ms)[0m  [1m[35mDROP TABLE IF EXISTS "trainers" CASCADE[0m
  ↳ db/schema.rb:37
  [1m[35m (15.8ms)[0m  [1m[35mCREATE TABLE "trainers" ("id" bigserial primary key, "name" character varying NOT NULL, "created_at" timestamp NOT NULL, "updated_at" timestamp NOT NULL, "session_token" character varying NOT NULL, "password_digest" character varying NOT NULL)[0m
  ↳ db/schema.rb:37
  [1m[35m (7.3ms)[0m  [1m[35mCREATE  INDEX  "index_trainers_on_name" ON "trainers"  ("name")[0m
  ↳ db/schema.rb:37
  [1m[35m (0.7ms)[0m  [1m[34mSELECT "schema_migrations"."version" FROM "schema_migrations" ORDER BY "schema_migrations"."version" ASC[0m
  ↳ db/schema.rb:13
  [1m[36mActiveRecord::InternalMetadata Load (0.8ms)[0m  [1m[34mSELECT  "ar_internal_metadata".* FROM "ar_internal_metadata" WHERE "ar_internal_metadata"."key" = $1 LIMIT $2[0m  [["key", "environment"], ["LIMIT", 1]]
  ↳ db/schema.rb:13
  [1m[35m (0.3ms)[0m  [1m[35mBEGIN[0m
  ↳ db/schema.rb:13
  [1m[36mActiveRecord::InternalMetadata Update (0.6ms)[0m  [1m[33mUPDATE "ar_internal_metadata" SET "value" = $1, "updated_at" = $2 WHERE "ar_internal_metadata"."key" = $3[0m  [["value", "development"], ["updated_at", "2021-11-25 02:48:53.964185"], ["key", "environment"]]
  ↳ db/schema.rb:13
  [1m[35m (2.1ms)[0m  [1m[35mCOMMIT[0m
  ↳ db/schema.rb:13
  [1m[36mActiveRecord::InternalMetadata Load (0.3ms)[0m  [1m[34mSELECT  "ar_internal_metadata".* FROM "ar_internal_metadata" WHERE "ar_internal_metadata"."key" = $1 LIMIT $2[0m  [["key", "environment"], ["LIMIT", 1]]
  ↳ bin/rails:9
  [1m[35m (0.2ms)[0m  [1m[35mBEGIN[0m
  ↳ bin/rails:9
  [1m[36mActiveRecord::InternalMetadata Update (0.8ms)[0m  [1m[33mUPDATE "ar_internal_metadata" SET "value" = $1, "updated_at" = $2 WHERE "ar_internal_metadata"."key" = $3[0m  [["value", "test"], ["updated_at", "2021-11-25 02:48:53.974687"], ["key", "environment"]]
  ↳ bin/rails:9
  [1m[35m (2.1ms)[0m  [1m[35mCOMMIT[0m
  ↳ bin/rails:9
  [1m[35m (0.7ms)[0m  [1m[34mSELECT "schema_migrations"."version" FROM "schema_migrations" ORDER BY "schema_migrations"."version" ASC[0m
  ↳ bin/rails:9
  [1m[36mPokedex Load (4.1ms)[0m  [1m[34mSELECT "pokedexes".* FROM "pokedexes"[0m
  ↳ db/seeds.rb:11
  [1m[35m (1.0ms)[0m  [1m[34mSELECT pg_try_advisory_lock(6475014801855982830)[0m
  ↳ bin/rails:9
  [1m[35m (0.5ms)[0m  [1m[34mSELECT "schema_migrations"."version" FROM "schema_migrations" ORDER BY "schema_migrations"."version" ASC[0m
  ↳ bin/rails:9
Migrating to ChangeTableName (20211125025104)
  [1m[35m (1.0ms)[0m  [1m[35mBEGIN[0m
  ↳ bin/rails:9
  [1m[35m (1.6ms)[0m  [1m[35mALTER TABLE "pokedex" RENAME TO "pokedexes"[0m
  ↳ db/migrate/20211125025104_change_table_name.rb:3
  [1m[35m (0.6ms)[0m  [1m[35mALTER INDEX "pokedex_pkey" RENAME TO "pokedexes_pkey"[0m
  ↳ db/migrate/20211125025104_change_table_name.rb:3
  [1m[35m (0.6ms)[0m  [1m[35mALTER TABLE "public"."pokedex_id_seq" RENAME TO "pokedexes_id_seq"[0m
  ↳ db/migrate/20211125025104_change_table_name.rb:3
  [1m[35m (0.6ms)[0m  [1m[35mALTER INDEX "index_pokedex_on_species" RENAME TO "index_pokedexes_on_species"[0m
  ↳ db/migrate/20211125025104_change_table_name.rb:3
  [1m[36mActiveRecord::SchemaMigration Create (0.9ms)[0m  [1m[32mINSERT INTO "schema_migrations" ("version") VALUES ($1) RETURNING "version"[0m  [["version", "20211125025104"]]
  ↳ bin/rails:9
  [1m[35m (2.1ms)[0m  [1m[35mCOMMIT[0m
  ↳ bin/rails:9
  [1m[36mActiveRecord::InternalMetadata Load (0.3ms)[0m  [1m[34mSELECT  "ar_internal_metadata".* FROM "ar_internal_metadata" WHERE "ar_internal_metadata"."key" = $1 LIMIT $2[0m  [["key", "environment"], ["LIMIT", 1]]
  ↳ bin/rails:9
  [1m[35m (0.2ms)[0m  [1m[35mBEGIN[0m
  ↳ bin/rails:9
  [1m[35m (0.2ms)[0m  [1m[35mCOMMIT[0m
  ↳ bin/rails:9
  [1m[35m (0.5ms)[0m  [1m[34mSELECT pg_advisory_unlock(6475014801855982830)[0m
  ↳ bin/rails:9
  [1m[35m (0.2ms)[0m  [1m[34mSELECT "schema_migrations"."version" FROM "schema_migrations" ORDER BY "schema_migrations"."version" ASC[0m
  ↳ bin/rails:9
  [1m[35m (0.8ms)[0m  [1m[35mCREATE DATABASE "pokeMTA_development" ENCODING = 'unicode'[0m
  ↳ bin/rails:9
  [1m[35m (1.1ms)[0m  [1m[35mCREATE DATABASE "pokeMTA_test" ENCODING = 'unicode'[0m
  ↳ bin/rails:9
  [1m[35m (0.7ms)[0m  [1m[34mSELECT "schema_migrations"."version" FROM "schema_migrations" ORDER BY "schema_migrations"."version" ASC[0m
  ↳ bin/rails:9
  [1m[35m (0.4ms)[0m  [1m[34mSELECT "ar_internal_metadata"."value" FROM "ar_internal_metadata" WHERE "ar_internal_metadata"."key" = $1[0m  [["key", "environment"]]
  ↳ bin/rails:9
  [1m[35m (0.3ms)[0m  [1m[34mSELECT "schema_migrations"."version" FROM "schema_migrations" ORDER BY "schema_migrations"."version" ASC[0m
  ↳ bin/rails:9
  [1m[35m (0.3ms)[0m  [1m[34mSELECT "ar_internal_metadata"."value" FROM "ar_internal_metadata" WHERE "ar_internal_metadata"."key" = $1[0m  [["key", "environment"]]
  ↳ bin/rails:9
  [1m[35m (0.3ms)[0m  [1m[34mSELECT "schema_migrations"."version" FROM "schema_migrations" ORDER BY "schema_migrations"."version" ASC[0m
  ↳ bin/rails:9
  [1m[35m (1.6ms)[0m  [1m[34mSELECT "ar_internal_metadata"."value" FROM "ar_internal_metadata" WHERE "ar_internal_metadata"."key" = $1[0m  [["key", "environment"]]
  ↳ bin/rails:9
  [1m[35mSQL (0.5ms)[0m  [1m[35mCREATE EXTENSION IF NOT EXISTS "plpgsql"[0m
  ↳ db/schema.rb:16
  [1m[35m (5.3ms)[0m  [1m[35mDROP TABLE IF EXISTS "pokedexes" CASCADE[0m
  ↳ db/schema.rb:18
  [1m[35m (15.3ms)[0m  [1m[35mCREATE TABLE "pokedexes" ("id" bigserial primary key, "species" character varying NOT NULL, "type" character varying, "created_at" timestamp NOT NULL, "updated_at" timestamp NOT NULL)[0m
  ↳ db/schema.rb:18
  [1m[35m (7.4ms)[0m  [1m[35mCREATE  INDEX  "index_pokedexes_on_species" ON "pokedexes"  ("species")[0m
  ↳ db/schema.rb:18
  [1m[35m (3.2ms)[0m  [1m[35mDROP TABLE IF EXISTS "pokemons" CASCADE[0m
  ↳ db/schema.rb:26
  [1m[35m (14.0ms)[0m  [1m[35mCREATE TABLE "pokemons" ("id" bigserial primary key, "name" character varying NOT NULL, "pokedex_number" integer NOT NULL, "trainer_id" integer NOT NULL, "nature" character varying NOT NULL, "shiny" character varying, "gender" character varying, "created_at" timestamp NOT NULL, "updated_at" timestamp NOT NULL)[0m
  ↳ db/schema.rb:26
  [1m[35m (4.8ms)[0m  [1m[35mDROP TABLE IF EXISTS "trainers" CASCADE[0m
  ↳ db/schema.rb:37
  [1m[35m (12.4ms)[0m  [1m[35mCREATE TABLE "trainers" ("id" bigserial primary key, "name" character varying NOT NULL, "created_at" timestamp NOT NULL, "updated_at" timestamp NOT NULL, "session_token" character varying NOT NULL, "password_digest" character varying NOT NULL)[0m
  ↳ db/schema.rb:37
  [1m[35m (6.0ms)[0m  [1m[35mCREATE  INDEX  "index_trainers_on_name" ON "trainers"  ("name")[0m
  ↳ db/schema.rb:37
  [1m[35m (0.6ms)[0m  [1m[34mSELECT "schema_migrations"."version" FROM "schema_migrations" ORDER BY "schema_migrations"."version" ASC[0m
  ↳ db/schema.rb:13
  [1m[36mActiveRecord::InternalMetadata Load (1.1ms)[0m  [1m[34mSELECT  "ar_internal_metadata".* FROM "ar_internal_metadata" WHERE "ar_internal_metadata"."key" = $1 LIMIT $2[0m  [["key", "environment"], ["LIMIT", 1]]
  ↳ db/schema.rb:13
  [1m[35m (0.3ms)[0m  [1m[35mBEGIN[0m
  ↳ db/schema.rb:13
  [1m[35m (0.3ms)[0m  [1m[35mCOMMIT[0m
  ↳ db/schema.rb:13
  [1m[36mActiveRecord::InternalMetadata Load (0.6ms)[0m  [1m[34mSELECT  "ar_internal_metadata".* FROM "ar_internal_metadata" WHERE "ar_internal_metadata"."key" = $1 LIMIT $2[0m  [["key", "environment"], ["LIMIT", 1]]
  ↳ bin/rails:9
  [1m[35m (0.4ms)[0m  [1m[35mBEGIN[0m
  ↳ bin/rails:9
  [1m[35m (0.4ms)[0m  [1m[35mCOMMIT[0m
  ↳ bin/rails:9
  [1m[35mSQL (0.3ms)[0m  [1m[35mCREATE EXTENSION IF NOT EXISTS "plpgsql"[0m
  ↳ db/schema.rb:16
  [1m[35m (0.5ms)[0m  [1m[35mDROP TABLE IF EXISTS "pokedexes" CASCADE[0m
  ↳ db/schema.rb:18
  [1m[35m (17.0ms)[0m  [1m[35mCREATE TABLE "pokedexes" ("id" bigserial primary key, "species" character varying NOT NULL, "type" character varying, "created_at" timestamp NOT NULL, "updated_at" timestamp NOT NULL)[0m
  ↳ db/schema.rb:18
  [1m[35m (5.7ms)[0m  [1m[35mCREATE  INDEX  "index_pokedexes_on_species" ON "pokedexes"  ("species")[0m
  ↳ db/schema.rb:18
  [1m[35m (3.8ms)[0m  [1m[35mDROP TABLE IF EXISTS "pokemons" CASCADE[0m
  ↳ db/schema.rb:26
  [1m[35m (12.9ms)[0m  [1m[35mCREATE TABLE "pokemons" ("id" bigserial primary key, "name" character varying NOT NULL, "pokedex_number" integer NOT NULL, "trainer_id" integer NOT NULL, "nature" character varying NOT NULL, "shiny" character varying, "gender" character varying, "created_at" timestamp NOT NULL, "updated_at" timestamp NOT NULL)[0m
  ↳ db/schema.rb:26
  [1m[35m (4.5ms)[0m  [1m[35mDROP TABLE IF EXISTS "trainers" CASCADE[0m
  ↳ db/schema.rb:37
  [1m[35m (12.5ms)[0m  [1m[35mCREATE TABLE "trainers" ("id" bigserial primary key, "name" character varying NOT NULL, "created_at" timestamp NOT NULL, "updated_at" timestamp NOT NULL, "session_token" character varying NOT NULL, "password_digest" character varying NOT NULL)[0m
  ↳ db/schema.rb:37
  [1m[35m (6.4ms)[0m  [1m[35mCREATE  INDEX  "index_trainers_on_name" ON "trainers"  ("name")[0m
  ↳ db/schema.rb:37
  [1m[35m (1.3ms)[0m  [1m[34mSELECT "schema_migrations"."version" FROM "schema_migrations" ORDER BY "schema_migrations"."version" ASC[0m
  ↳ db/schema.rb:13
  [1m[35m (1.7ms)[0m  [1m[32mINSERT INTO "schema_migrations" (version) VALUES (20211125025104)[0m
  ↳ db/schema.rb:13
  [1m[36mActiveRecord::InternalMetadata Load (0.3ms)[0m  [1m[34mSELECT  "ar_internal_metadata".* FROM "ar_internal_metadata" WHERE "ar_internal_metadata"."key" = $1 LIMIT $2[0m  [["key", "environment"], ["LIMIT", 1]]
  ↳ db/schema.rb:13
  [1m[35m (0.2ms)[0m  [1m[35mBEGIN[0m
  ↳ db/schema.rb:13
  [1m[36mActiveRecord::InternalMetadata Update (0.3ms)[0m  [1m[33mUPDATE "ar_internal_metadata" SET "value" = $1, "updated_at" = $2 WHERE "ar_internal_metadata"."key" = $3[0m  [["value", "development"], ["updated_at", "2021-11-25 02:51:42.116437"], ["key", "environment"]]
  ↳ db/schema.rb:13
  [1m[35m (2.5ms)[0m  [1m[35mCOMMIT[0m
  ↳ db/schema.rb:13
  [1m[36mActiveRecord::InternalMetadata Load (0.4ms)[0m  [1m[34mSELECT  "ar_internal_metadata".* FROM "ar_internal_metadata" WHERE "ar_internal_metadata"."key" = $1 LIMIT $2[0m  [["key", "environment"], ["LIMIT", 1]]
  ↳ bin/rails:9
  [1m[35m (0.2ms)[0m  [1m[35mBEGIN[0m
  ↳ bin/rails:9
  [1m[36mActiveRecord::InternalMetadata Update (0.4ms)[0m  [1m[33mUPDATE "ar_internal_metadata" SET "value" = $1, "updated_at" = $2 WHERE "ar_internal_metadata"."key" = $3[0m  [["value", "test"], ["updated_at", "2021-11-25 02:51:42.126659"], ["key", "environment"]]
  ↳ bin/rails:9
  [1m[35m (1.7ms)[0m  [1m[35mCOMMIT[0m
  ↳ bin/rails:9
  [1m[35m (0.6ms)[0m  [1m[34mSELECT "schema_migrations"."version" FROM "schema_migrations" ORDER BY "schema_migrations"."version" ASC[0m
  ↳ bin/rails:9
  [1m[36mPokedex Load (0.5ms)[0m  [1m[34mSELECT "pokedexes".* FROM "pokedexes"[0m
  ↳ db/seeds.rb:11
  [1m[35m (0.8ms)[0m  [1m[35mCREATE DATABASE "pokeMTA_development" ENCODING = 'unicode'[0m
  ↳ bin/rails:9
  [1m[35m (0.7ms)[0m  [1m[35mCREATE DATABASE "pokeMTA_test" ENCODING = 'unicode'[0m
  ↳ bin/rails:9
  [1m[35m (0.6ms)[0m  [1m[34mSELECT "schema_migrations"."version" FROM "schema_migrations" ORDER BY "schema_migrations"."version" ASC[0m
  ↳ bin/rails:9
  [1m[35m (0.7ms)[0m  [1m[34mSELECT "ar_internal_metadata"."value" FROM "ar_internal_metadata" WHERE "ar_internal_metadata"."key" = $1[0m  [["key", "environment"]]
  ↳ bin/rails:9
  [1m[35m (0.4ms)[0m  [1m[34mSELECT "schema_migrations"."version" FROM "schema_migrations" ORDER BY "schema_migrations"."version" ASC[0m
  ↳ bin/rails:9
  [1m[35m (1.6ms)[0m  [1m[34mSELECT "ar_internal_metadata"."value" FROM "ar_internal_metadata" WHERE "ar_internal_metadata"."key" = $1[0m  [["key", "environment"]]
  ↳ bin/rails:9
  [1m[35m (0.3ms)[0m  [1m[34mSELECT "schema_migrations"."version" FROM "schema_migrations" ORDER BY "schema_migrations"."version" ASC[0m
  ↳ bin/rails:9
  [1m[35m (0.3ms)[0m  [1m[34mSELECT "ar_internal_metadata"."value" FROM "ar_internal_metadata" WHERE "ar_internal_metadata"."key" = $1[0m  [["key", "environment"]]
  ↳ bin/rails:9
  [1m[35mSQL (0.5ms)[0m  [1m[35mCREATE EXTENSION IF NOT EXISTS "plpgsql"[0m
  ↳ db/schema.rb:16
  [1m[35m (4.5ms)[0m  [1m[35mDROP TABLE IF EXISTS "pokedexes" CASCADE[0m
  ↳ db/schema.rb:18
  [1m[35m (15.9ms)[0m  [1m[35mCREATE TABLE "pokedexes" ("id" bigserial primary key, "species" character varying NOT NULL, "type" character varying, "created_at" timestamp NOT NULL, "updated_at" timestamp NOT NULL)[0m
  ↳ db/schema.rb:18
  [1m[35m (6.4ms)[0m  [1m[35mCREATE  INDEX  "index_pokedexes_on_species" ON "pokedexes"  ("species")[0m
  ↳ db/schema.rb:18
  [1m[35m (3.4ms)[0m  [1m[35mDROP TABLE IF EXISTS "pokemons" CASCADE[0m
  ↳ db/schema.rb:26
  [1m[35m (13.2ms)[0m  [1m[35mCREATE TABLE "pokemons" ("id" bigserial primary key, "name" character varying NOT NULL, "pokedex_number" integer NOT NULL, "trainer_id" integer NOT NULL, "nature" character varying NOT NULL, "shiny" character varying, "gender" character varying, "created_at" timestamp NOT NULL, "updated_at" timestamp NOT NULL)[0m
  ↳ db/schema.rb:26
  [1m[35m (2.9ms)[0m  [1m[35mDROP TABLE IF EXISTS "trainers" CASCADE[0m
  ↳ db/schema.rb:37
  [1m[35m (13.2ms)[0m  [1m[35mCREATE TABLE "trainers" ("id" bigserial primary key, "name" character varying NOT NULL, "created_at" timestamp NOT NULL, "updated_at" timestamp NOT NULL, "session_token" character varying NOT NULL, "password_digest" character varying NOT NULL)[0m
  ↳ db/schema.rb:37
  [1m[35m (5.9ms)[0m  [1m[35mCREATE  INDEX  "index_trainers_on_name" ON "trainers"  ("name")[0m
  ↳ db/schema.rb:37
  [1m[35m (0.8ms)[0m  [1m[34mSELECT "schema_migrations"."version" FROM "schema_migrations" ORDER BY "schema_migrations"."version" ASC[0m
  ↳ db/schema.rb:13
  [1m[36mActiveRecord::InternalMetadata Load (0.5ms)[0m  [1m[34mSELECT  "ar_internal_metadata".* FROM "ar_internal_metadata" WHERE "ar_internal_metadata"."key" = $1 LIMIT $2[0m  [["key", "environment"], ["LIMIT", 1]]
  ↳ db/schema.rb:13
  [1m[35m (0.3ms)[0m  [1m[35mBEGIN[0m
  ↳ db/schema.rb:13
  [1m[35m (1.9ms)[0m  [1m[35mCOMMIT[0m
  ↳ db/schema.rb:13
  [1m[36mActiveRecord::InternalMetadata Load (0.3ms)[0m  [1m[34mSELECT  "ar_internal_metadata".* FROM "ar_internal_metadata" WHERE "ar_internal_metadata"."key" = $1 LIMIT $2[0m  [["key", "environment"], ["LIMIT", 1]]
  ↳ bin/rails:9
  [1m[35m (0.2ms)[0m  [1m[35mBEGIN[0m
  ↳ bin/rails:9
  [1m[35m (0.2ms)[0m  [1m[35mCOMMIT[0m
  ↳ bin/rails:9
  [1m[35mSQL (0.3ms)[0m  [1m[35mCREATE EXTENSION IF NOT EXISTS "plpgsql"[0m
  ↳ db/schema.rb:16
  [1m[35m (4.1ms)[0m  [1m[35mDROP TABLE IF EXISTS "pokedexes" CASCADE[0m
  ↳ db/schema.rb:18
  [1m[35m (14.9ms)[0m  [1m[35mCREATE TABLE "pokedexes" ("id" bigserial primary key, "species" character varying NOT NULL, "type" character varying, "created_at" timestamp NOT NULL, "updated_at" timestamp NOT NULL)[0m
  ↳ db/schema.rb:18
  [1m[35m (7.0ms)[0m  [1m[35mCREATE  INDEX  "index_pokedexes_on_species" ON "pokedexes"  ("species")[0m
  ↳ db/schema.rb:18
  [1m[35m (4.0ms)[0m  [1m[35mDROP TABLE IF EXISTS "pokemons" CASCADE[0m
  ↳ db/schema.rb:26
  [1m[35m (13.9ms)[0m  [1m[35mCREATE TABLE "pokemons" ("id" bigserial primary key, "name" character varying NOT NULL, "pokedex_number" integer NOT NULL, "trainer_id" integer NOT NULL, "nature" character varying NOT NULL, "shiny" character varying, "gender" character varying, "created_at" timestamp NOT NULL, "updated_at" timestamp NOT NULL)[0m
  ↳ db/schema.rb:26
  [1m[35m (4.4ms)[0m  [1m[35mDROP TABLE IF EXISTS "trainers" CASCADE[0m
  ↳ db/schema.rb:37
  [1m[35m (16.3ms)[0m  [1m[35mCREATE TABLE "trainers" ("id" bigserial primary key, "name" character varying NOT NULL, "created_at" timestamp NOT NULL, "updated_at" timestamp NOT NULL, "session_token" character varying NOT NULL, "password_digest" character varying NOT NULL)[0m
  ↳ db/schema.rb:37
  [1m[35m (6.3ms)[0m  [1m[35mCREATE  INDEX  "index_trainers_on_name" ON "trainers"  ("name")[0m
  ↳ db/schema.rb:37
  [1m[35m (1.0ms)[0m  [1m[34mSELECT "schema_migrations"."version" FROM "schema_migrations" ORDER BY "schema_migrations"."version" ASC[0m
  ↳ db/schema.rb:13
  [1m[36mActiveRecord::InternalMetadata Load (0.4ms)[0m  [1m[34mSELECT  "ar_internal_metadata".* FROM "ar_internal_metadata" WHERE "ar_internal_metadata"."key" = $1 LIMIT $2[0m  [["key", "environment"], ["LIMIT", 1]]
  ↳ db/schema.rb:13
  [1m[35m (0.2ms)[0m  [1m[35mBEGIN[0m
  ↳ db/schema.rb:13
  [1m[36mActiveRecord::InternalMetadata Update (0.7ms)[0m  [1m[33mUPDATE "ar_internal_metadata" SET "value" = $1, "updated_at" = $2 WHERE "ar_internal_metadata"."key" = $3[0m  [["value", "development"], ["updated_at", "2021-11-25 02:52:38.366992"], ["key", "environment"]]
  ↳ db/schema.rb:13
  [1m[35m (2.1ms)[0m  [1m[35mCOMMIT[0m
  ↳ db/schema.rb:13
  [1m[36mActiveRecord::InternalMetadata Load (0.4ms)[0m  [1m[34mSELECT  "ar_internal_metadata".* FROM "ar_internal_metadata" WHERE "ar_internal_metadata"."key" = $1 LIMIT $2[0m  [["key", "environment"], ["LIMIT", 1]]
  ↳ bin/rails:9
  [1m[35m (0.2ms)[0m  [1m[35mBEGIN[0m
  ↳ bin/rails:9
  [1m[36mActiveRecord::InternalMetadata Update (0.4ms)[0m  [1m[33mUPDATE "ar_internal_metadata" SET "value" = $1, "updated_at" = $2 WHERE "ar_internal_metadata"."key" = $3[0m  [["value", "test"], ["updated_at", "2021-11-25 02:52:38.378940"], ["key", "environment"]]
  ↳ bin/rails:9
  [1m[35m (1.9ms)[0m  [1m[35mCOMMIT[0m
  ↳ bin/rails:9
  [1m[35m (0.7ms)[0m  [1m[34mSELECT "schema_migrations"."version" FROM "schema_migrations" ORDER BY "schema_migrations"."version" ASC[0m
  ↳ bin/rails:9
  [1m[36mPokedex Load (0.5ms)[0m  [1m[34mSELECT "pokedexes".* FROM "pokedexes"[0m
  ↳ db/seeds.rb:11
  [1m[35m (0.2ms)[0m  [1m[35mBEGIN[0m
  ↳ db/seeds.rb:17
  [1m[35m (0.2ms)[0m  [1m[31mROLLBACK[0m
  ↳ db/seeds.rb:17
  [1m[35m (0.1ms)[0m  [1m[35mBEGIN[0m
  ↳ db/seeds.rb:17
  [1m[35m (0.1ms)[0m  [1m[31mROLLBACK[0m
  ↳ db/seeds.rb:17
Started GET "/pokemons" for ::1 at 2021-11-24 21:52:50 -0500
  [1m[35m (0.6ms)[0m  [1m[34mSELECT "schema_migrations"."version" FROM "schema_migrations" ORDER BY "schema_migrations"."version" ASC[0m
  ↳ /home/anna/.rbenv/versions/2.5.1/lib/ruby/gems/2.5.0/gems/activerecord-5.2.6/lib/active_record/log_subscriber.rb:98
Processing by PokemonsController#index as HTML
  Rendering pokemons/index.html.erb within layouts/application
  [1m[36mPokemon Load (0.6ms)[0m  [1m[34mSELECT "pokemons".* FROM "pokemons"[0m
  ↳ app/views/pokemons/index.html.erb:4
  Rendered pokemons/index.html.erb within layouts/application (5.9ms)
Completed 200 OK in 709ms (Views: 630.0ms | ActiveRecord: 2.0ms)


Started GET "/pokemons" for ::1 at 2021-11-24 21:54:06 -0500
  [1m[35m (0.7ms)[0m  [1m[34mSELECT "schema_migrations"."version" FROM "schema_migrations" ORDER BY "schema_migrations"."version" ASC[0m
  ↳ /home/anna/.rbenv/versions/2.5.1/lib/ruby/gems/2.5.0/gems/activerecord-5.2.6/lib/active_record/log_subscriber.rb:98
Processing by PokemonsController#index as HTML
  Rendering pokemons/index.html.erb within layouts/application
  [1m[36mPokemon Load (0.5ms)[0m  [1m[34mSELECT "pokemons".* FROM "pokemons"[0m
  ↳ app/views/pokemons/index.html.erb:4
  Rendered pokemons/index.html.erb within layouts/application (5.7ms)
Completed 200 OK in 756ms (Views: 679.4ms | ActiveRecord: 2.2ms)


Started GET "/pokedexes" for ::1 at 2021-11-24 21:54:13 -0500
  
ActionController::RoutingError (No route matches [GET] "/pokedexes"):
  
actionpack (5.2.6) lib/action_dispatch/middleware/debug_exceptions.rb:65:in `call'
web-console (3.7.0) lib/web_console/middleware.rb:135:in `call_app'
web-console (3.7.0) lib/web_console/middleware.rb:30:in `block in call'
web-console (3.7.0) lib/web_console/middleware.rb:20:in `catch'
web-console (3.7.0) lib/web_console/middleware.rb:20:in `call'
actionpack (5.2.6) lib/action_dispatch/middleware/show_exceptions.rb:33:in `call'
railties (5.2.6) lib/rails/rack/logger.rb:38:in `call_app'
railties (5.2.6) lib/rails/rack/logger.rb:26:in `block in call'
activesupport (5.2.6) lib/active_support/tagged_logging.rb:71:in `block in tagged'
activesupport (5.2.6) lib/active_support/tagged_logging.rb:28:in `tagged'
activesupport (5.2.6) lib/active_support/tagged_logging.rb:71:in `tagged'
railties (5.2.6) lib/rails/rack/logger.rb:26:in `call'
sprockets-rails (3.3.0) lib/sprockets/rails/quiet_assets.rb:13:in `call'
actionpack (5.2.6) lib/action_dispatch/middleware/remote_ip.rb:81:in `call'
actionpack (5.2.6) lib/action_dispatch/middleware/request_id.rb:27:in `call'
rack (2.2.3) lib/rack/method_override.rb:24:in `call'
rack (2.2.3) lib/rack/runtime.rb:22:in `call'
activesupport (5.2.6) lib/active_support/cache/strategy/local_cache_middleware.rb:29:in `call'
actionpack (5.2.6) lib/action_dispatch/middleware/executor.rb:14:in `call'
actionpack (5.2.6) lib/action_dispatch/middleware/static.rb:127:in `call'
rack (2.2.3) lib/rack/sendfile.rb:110:in `call'
railties (5.2.6) lib/rails/engine.rb:524:in `call'
puma (3.12.6) lib/puma/configuration.rb:227:in `call'
puma (3.12.6) lib/puma/server.rb:706:in `handle_request'
puma (3.12.6) lib/puma/server.rb:476:in `process_client'
puma (3.12.6) lib/puma/server.rb:334:in `block in run'
puma (3.12.6) lib/puma/thread_pool.rb:135:in `block in spawn_thread'
Started GET "/pokedexes" for ::1 at 2021-11-24 21:54:36 -0500
  [1m[35m (0.6ms)[0m  [1m[34mSELECT "schema_migrations"."version" FROM "schema_migrations" ORDER BY "schema_migrations"."version" ASC[0m
  ↳ /home/anna/.rbenv/versions/2.5.1/lib/ruby/gems/2.5.0/gems/activerecord-5.2.6/lib/active_record/log_subscriber.rb:98

ActionController::RoutingError - uninitialized constant PokedexesController:

Started POST "/__better_errors/1deba365cd5b1ba1/variables" for ::1 at 2021-11-24 21:54:36 -0500
Started GET "/pokedexes" for ::1 at 2021-11-24 21:56:02 -0500
  [1m[35m (0.6ms)[0m  [1m[34mSELECT "schema_migrations"."version" FROM "schema_migrations" ORDER BY "schema_migrations"."version" ASC[0m
  ↳ /home/anna/.rbenv/versions/2.5.1/lib/ruby/gems/2.5.0/gems/activerecord-5.2.6/lib/active_record/log_subscriber.rb:98
Processing by PokedexesController#index as HTML
Completed 500 Internal Server Error in 53ms (ActiveRecord: 0.0ms)



NameError - uninitialized constant PokedexesController::Pokedexes:
  app/controllers/pokedexes_controller.rb:3:in `index'

Started POST "/__better_errors/ee4a29c32f89536e/variables" for ::1 at 2021-11-24 21:56:03 -0500
Started GET "/pokedexes" for ::1 at 2021-11-24 21:56:57 -0500
  [1m[35m (0.6ms)[0m  [1m[34mSELECT "schema_migrations"."version" FROM "schema_migrations" ORDER BY "schema_migrations"."version" ASC[0m
  ↳ /home/anna/.rbenv/versions/2.5.1/lib/ruby/gems/2.5.0/gems/activerecord-5.2.6/lib/active_record/log_subscriber.rb:98
Processing by PokedexesController#index as HTML
Completed 500 Internal Server Error in 58ms (ActiveRecord: 0.0ms)



NameError - uninitialized constant PokedexesController::Pokedexes:
  app/controllers/pokedexes_controller.rb:4:in `index'

Started POST "/__better_errors/4591a8a03a52df92/variables" for ::1 at 2021-11-24 21:56:57 -0500
Started GET "/pokedexes" for ::1 at 2021-11-24 21:58:32 -0500
  [1m[35m (0.5ms)[0m  [1m[34mSELECT "schema_migrations"."version" FROM "schema_migrations" ORDER BY "schema_migrations"."version" ASC[0m
  ↳ /home/anna/.rbenv/versions/2.5.1/lib/ruby/gems/2.5.0/gems/activerecord-5.2.6/lib/active_record/log_subscriber.rb:98
Processing by PokedexesController#index as HTML
Completed 500 Internal Server Error in 55ms (ActiveRecord: 0.0ms)



NameError - uninitialized constant PokedexesController::Pokedexes:
  app/controllers/pokedexes_controller.rb:4:in `index'

Started POST "/__better_errors/3259dd86da1868a1/variables" for ::1 at 2021-11-24 21:58:32 -0500
Started GET "/pokedexes" for ::1 at 2021-11-24 21:59:54 -0500
  [1m[35m (0.6ms)[0m  [1m[34mSELECT "schema_migrations"."version" FROM "schema_migrations" ORDER BY "schema_migrations"."version" ASC[0m
  ↳ /home/anna/.rbenv/versions/2.5.1/lib/ruby/gems/2.5.0/gems/activerecord-5.2.6/lib/active_record/log_subscriber.rb:98
Processing by PokedexesController#index as HTML
Completed 500 Internal Server Error in 49ms (ActiveRecord: 0.0ms)



NameError - uninitialized constant PokedexesController::Pokedexes:
  app/controllers/pokedexes_controller.rb:4:in `index'

Started POST "/__better_errors/5d02c7e603673dc2/variables" for ::1 at 2021-11-24 21:59:54 -0500
  [1m[35m (0.5ms)[0m  [1m[34mSELECT "schema_migrations"."version" FROM "schema_migrations" ORDER BY "schema_migrations"."version" ASC[0m
  ↳ bin/rails:9
  [1m[35m (0.5ms)[0m  [1m[34mSELECT "schema_migrations"."version" FROM "schema_migrations" ORDER BY "schema_migrations"."version" ASC[0m
  ↳ bin/rails:9
  [1m[35m (0.5ms)[0m  [1m[34mSELECT "schema_migrations"."version" FROM "schema_migrations" ORDER BY "schema_migrations"."version" ASC[0m
  ↳ bin/rails:9
  [1m[35m (0.5ms)[0m  [1m[34mSELECT "schema_migrations"."version" FROM "schema_migrations" ORDER BY "schema_migrations"."version" ASC[0m
  ↳ bin/rails:9
  [1m[35m (2.0ms)[0m  [1m[34mSELECT "schema_migrations"."version" FROM "schema_migrations" ORDER BY "schema_migrations"."version" ASC[0m
  ↳ bin/rails:9
  [1m[36mPokemon Load (0.5ms)[0m  [1m[34mSELECT "pokemons".* FROM "pokemons"[0m
  ↳ db/seeds.rb:22
  [1m[35m (2.5ms)[0m  [1m[35mBEGIN[0m
  ↳ db/seeds.rb:24
  [1m[36mTrainer Load (0.4ms)[0m  [1m[34mSELECT  "trainers".* FROM "trainers" WHERE "trainers"."id" = $1 LIMIT $2[0m  [["id", 1], ["LIMIT", 1]]
  ↳ db/seeds.rb:24
  [1m[35m (0.2ms)[0m  [1m[31mROLLBACK[0m
  ↳ db/seeds.rb:24
Started GET "/pokemons" for ::1 at 2021-11-24 22:07:48 -0500
  [1m[35m (0.6ms)[0m  [1m[34mSELECT "schema_migrations"."version" FROM "schema_migrations" ORDER BY "schema_migrations"."version" ASC[0m
  ↳ /home/anna/.rbenv/versions/2.5.1/lib/ruby/gems/2.5.0/gems/activerecord-5.2.6/lib/active_record/log_subscriber.rb:98
Processing by PokemonsController#index as HTML
  Rendering pokemons/index.html.erb within layouts/application
  [1m[36mPokemon Load (0.5ms)[0m  [1m[34mSELECT "pokemons".* FROM "pokemons"[0m
  ↳ app/views/pokemons/index.html.erb:4
  Rendered pokemons/index.html.erb within layouts/application (5.9ms)
Completed 200 OK in 788ms (Views: 714.4ms | ActiveRecord: 2.1ms)


